[33mWARNING [0m juju.client.connection:connection.py:858 unexpected facade SSHServer received from the controller
[32mINFO    [0m pytest_operator.plugin:plugin.py:766 Connecting to existing model localhost-localhost:test on unspecified cloud
[33mWARNING [0m juju.client.connection:connection.py:858 unexpected facade SSHServer received from the controller
[33mWARNING [0m juju.client.connection:connection.py:858 unexpected facade SSHSession received from the controller
[33mWARNING [0m juju.client.connection:connection.py:858 unexpected facade SSHTunneler received from the controller
[33mWARNING [0m juju.client.connection:connection.py:858 unexpected facade SSHServer received from the controller
[32mINFO    [0m integration.test_bundle:test_bundle.py:71 Deploying bundle
[32mINFO    [0m juju.bundle:bundle.py:461 Applying change: upload charm data-integrator for series jammy from channel latest/edge
[32mINFO    [0m juju.bundle:bundle.py:461 Applying change: upload charm mysql-router for series jammy from channel dpe/edge
[32mINFO    [0m juju.bundle:bundle.py:461 Applying change: upload charm mysql-test-app for series jammy from channel latest/edge
[32mINFO    [0m juju.bundle:bundle.py:461 Applying change: upload charm s3-integrator for series jammy from channel 1/edge
[32mINFO    [0m juju.bundle:bundle.py:461 Applying change: upload charm self-signed-certificates for series jammy from channel 1/edge
[32mINFO    [0m juju.bundle:bundle.py:461 Applying change: upload charm sysbench for series jammy from channel latest/edge
[32mINFO    [0m juju.bundle:bundle.py:461 Applying change: upload charm ubuntu-advantage for series jammy from channel latest/edge
[32mINFO    [0m juju.bundle:bundle.py:461 Applying change: upload charm grafana-agent for series jammy from channel 1/edge
[32mINFO    [0m juju.bundle:bundle.py:461 Applying change: upload charm landscape-client for series jammy from channel latest/edge
[32mINFO    [0m juju.bundle:bundle.py:461 Applying change: upload charm mysql for series jammy from channel 8.0/edge
[32mINFO    [0m juju.bundle:bundle.py:461 Applying change: add new machine
[32mINFO    [0m juju.bundle:bundle.py:461 Applying change: add new machine
[32mINFO    [0m juju.bundle:bundle.py:461 Applying change: deploy application data-integrator on jammy using $addCharm-0
[32mINFO    [0m juju.model:__init__.py:2301 Deploying ch:amd64/jammy/data-integrator-160
[32mINFO    [0m juju.bundle:bundle.py:461 Applying change: deploy application mysql on jammy using $addCharm-9
[32mINFO    [0m juju.model:__init__.py:2301 Deploying ch:amd64/jammy/mysql-375
[32mINFO    [0m juju.bundle:bundle.py:461 Applying change: deploy application mysql-router on jammy using $addCharm-12
[32mINFO    [0m juju.model:__init__.py:2301 Deploying ch:amd64/jammy/mysql-router-972
[32mINFO    [0m juju.bundle:bundle.py:461 Applying change: deploy application mysql-router-data-integrator on jammy using $addCharm-0
[32mINFO    [0m juju.model:__init__.py:2301 Deploying ch:amd64/jammy/data-integrator-160
[32mINFO    [0m juju.bundle:bundle.py:461 Applying change: deploy application mysql-test-app on jammy using $addCharm-17
[32mINFO    [0m juju.model:__init__.py:2301 Deploying ch:amd64/jammy/mysql-test-app-73
[32mINFO    [0m juju.bundle:bundle.py:461 Applying change: deploy application s3-integrator on jammy using $addCharm-20
[32mINFO    [0m juju.model:__init__.py:2301 Deploying ch:amd64/jammy/s3-integrator-155
[32mINFO    [0m juju.bundle:bundle.py:461 Applying change: deploy application self-signed-certificates on jammy using $addCharm-23
[32mINFO    [0m juju.model:__init__.py:2301 Deploying ch:amd64/jammy/self-signed-certificates-455
[32mINFO    [0m juju.bundle:bundle.py:461 Applying change: deploy application sysbench on jammy using $addCharm-26
[32mINFO    [0m juju.model:__init__.py:2301 Deploying ch:amd64/jammy/sysbench-187
[32mINFO    [0m juju.bundle:bundle.py:461 Applying change: deploy application ubuntu-advantage on jammy using $addCharm-29
[32mINFO    [0m juju.model:__init__.py:2301 Deploying ch:amd64/jammy/ubuntu-advantage-137
[32mINFO    [0m juju.bundle:bundle.py:461 Applying change: deploy application grafana-agent on jammy using $addCharm-3
[32mINFO    [0m juju.model:__init__.py:2301 Deploying ch:amd64/jammy/grafana-agent-469
[32mINFO    [0m juju.bundle:bundle.py:461 Applying change: deploy application landscape-client on jammy using $addCharm-6
[32mINFO    [0m juju.model:__init__.py:2301 Deploying ch:amd64/jammy/landscape-client-72
[32mINFO    [0m juju.bundle:bundle.py:461 Applying change: add new machine
[32mINFO    [0m juju.bundle:bundle.py:461 Applying change: add relation $deploy-10:database - $deploy-13:backend-database
[32mINFO    [0m juju.bundle:bundle.py:929 Relating mysql:database <-> mysql-router:backend-database
[33mWARNING [0m juju.model:__init__.py:1683 relate is deprecated and will be removed. Use integrate instead.
[32mINFO    [0m juju.bundle:bundle.py:461 Applying change: add relation $deploy-10:certificates - $deploy-24:certificates
[32mINFO    [0m juju.bundle:bundle.py:929 Relating mysql:certificates <-> self-signed-certificates:certificates
[33mWARNING [0m juju.model:__init__.py:1683 relate is deprecated and will be removed. Use integrate instead.
[32mINFO    [0m juju.bundle:bundle.py:461 Applying change: add relation $deploy-13:certificates - $deploy-24:certificates
[32mINFO    [0m juju.bundle:bundle.py:929 Relating mysql-router:certificates <-> self-signed-certificates:certificates
[33mWARNING [0m juju.model:__init__.py:1683 relate is deprecated and will be removed. Use integrate instead.
[32mINFO    [0m juju.bundle:bundle.py:461 Applying change: add relation $deploy-10:s3-parameters - $deploy-21:s3-credentials
[32mINFO    [0m juju.bundle:bundle.py:929 Relating mysql:s3-parameters <-> s3-integrator:s3-credentials
[33mWARNING [0m juju.model:__init__.py:1683 relate is deprecated and will be removed. Use integrate instead.
[32mINFO    [0m juju.bundle:bundle.py:461 Applying change: add relation $deploy-10:database - $deploy-1:mysql
[32mINFO    [0m juju.bundle:bundle.py:929 Relating mysql:database <-> data-integrator:mysql
[33mWARNING [0m juju.model:__init__.py:1683 relate is deprecated and will be removed. Use integrate instead.
[32mINFO    [0m juju.bundle:bundle.py:461 Applying change: add relation $deploy-10:database - $deploy-27:mysql
[32mINFO    [0m juju.bundle:bundle.py:929 Relating mysql:database <-> sysbench:mysql
[33mWARNING [0m juju.model:__init__.py:1683 relate is deprecated and will be removed. Use integrate instead.
[32mINFO    [0m juju.bundle:bundle.py:461 Applying change: add relation $deploy-10:cos-agent - $deploy-4:cos-agent
[32mINFO    [0m juju.bundle:bundle.py:929 Relating mysql:cos-agent <-> grafana-agent:cos-agent
[33mWARNING [0m juju.model:__init__.py:1683 relate is deprecated and will be removed. Use integrate instead.
[32mINFO    [0m juju.bundle:bundle.py:461 Applying change: add relation $deploy-10:juju-info - $deploy-30:juju-info
[32mINFO    [0m juju.bundle:bundle.py:929 Relating mysql:juju-info <-> ubuntu-advantage:juju-info
[33mWARNING [0m juju.model:__init__.py:1683 relate is deprecated and will be removed. Use integrate instead.
[32mINFO    [0m juju.bundle:bundle.py:461 Applying change: add relation $deploy-10:juju-info - $deploy-7:container
[32mINFO    [0m juju.bundle:bundle.py:929 Relating mysql:juju-info <-> landscape-client:container
[33mWARNING [0m juju.model:__init__.py:1683 relate is deprecated and will be removed. Use integrate instead.
[32mINFO    [0m juju.bundle:bundle.py:461 Applying change: add relation $deploy-13:database - $deploy-15:mysql
[32mINFO    [0m juju.bundle:bundle.py:929 Relating mysql-router:database <-> mysql-router-data-integrator:mysql
[33mWARNING [0m juju.model:__init__.py:1683 relate is deprecated and will be removed. Use integrate instead.
[32mINFO    [0m juju.bundle:bundle.py:461 Applying change: add relation $deploy-15:juju-info - $deploy-4:juju-info
[32mINFO    [0m juju.bundle:bundle.py:929 Relating mysql-router-data-integrator:juju-info <-> grafana-agent:juju-info
[33mWARNING [0m juju.model:__init__.py:1683 relate is deprecated and will be removed. Use integrate instead.
[32mINFO    [0m juju.bundle:bundle.py:461 Applying change: add relation $deploy-13:cos-agent - $deploy-4:cos-agent
[32mINFO    [0m juju.bundle:bundle.py:929 Relating mysql-router:cos-agent <-> grafana-agent:cos-agent
[33mWARNING [0m juju.model:__init__.py:1683 relate is deprecated and will be removed. Use integrate instead.
[32mINFO    [0m juju.bundle:bundle.py:461 Applying change: add relation $deploy-15:juju-info - $deploy-30:juju-info
[32mINFO    [0m juju.bundle:bundle.py:929 Relating mysql-router-data-integrator:juju-info <-> ubuntu-advantage:juju-info
[33mWARNING [0m juju.model:__init__.py:1683 relate is deprecated and will be removed. Use integrate instead.
[32mINFO    [0m juju.bundle:bundle.py:461 Applying change: add relation $deploy-15:juju-info - $deploy-7:container
[32mINFO    [0m juju.bundle:bundle.py:929 Relating mysql-router-data-integrator:juju-info <-> landscape-client:container
[33mWARNING [0m juju.model:__init__.py:1683 relate is deprecated and will be removed. Use integrate instead.
[32mINFO    [0m juju.bundle:bundle.py:461 Applying change: add $deploy-1 unit to $addMachines-32
[32mINFO    [0m juju.bundle:bundle.py:461 Applying change: add $deploy-15 unit to $addMachines-33
[32mINFO    [0m juju.bundle:bundle.py:461 Applying change: set annotations for $deploy-10
[32mINFO    [0m juju.bundle:bundle.py:461 Applying change: set annotations for $deploy-13
[32mINFO    [0m juju.bundle:bundle.py:461 Applying change: set annotations for $deploy-15
[32mINFO    [0m juju.bundle:bundle.py:461 Applying change: set annotations for $deploy-18
[32mINFO    [0m juju.bundle:bundle.py:461 Applying change: set annotations for $deploy-1
[32mINFO    [0m juju.bundle:bundle.py:461 Applying change: set annotations for $deploy-21
[32mINFO    [0m juju.bundle:bundle.py:461 Applying change: set annotations for $deploy-24
[32mINFO    [0m juju.bundle:bundle.py:461 Applying change: set annotations for $deploy-27
[32mINFO    [0m juju.bundle:bundle.py:461 Applying change: set annotations for $deploy-30
[32mINFO    [0m juju.bundle:bundle.py:461 Applying change: set annotations for $deploy-4
[32mINFO    [0m juju.bundle:bundle.py:461 Applying change: set annotations for $deploy-7
[32mINFO    [0m juju.bundle:bundle.py:461 Applying change: add new machine
[32mINFO    [0m juju.bundle:bundle.py:461 Applying change: add $deploy-10 unit to $addMachines-34
[32mINFO    [0m juju.bundle:bundle.py:461 Applying change: add new machine
[32mINFO    [0m juju.bundle:bundle.py:461 Applying change: add $deploy-10 unit to $addMachines-35
[32mINFO    [0m juju.bundle:bundle.py:461 Applying change: add new machine
[32mINFO    [0m juju.bundle:bundle.py:461 Applying change: add $deploy-10 unit to $addMachines-36
[32mINFO    [0m juju.bundle:bundle.py:461 Applying change: add new machine
[32mINFO    [0m juju.bundle:bundle.py:461 Applying change: add $deploy-21 unit to $addMachines-37
[32mINFO    [0m juju.bundle:bundle.py:461 Applying change: add new machine
[32mINFO    [0m juju.bundle:bundle.py:461 Applying change: add $deploy-24 unit to $addMachines-38
[32mINFO    [0m juju.bundle:bundle.py:461 Applying change: add $deploy-27 unit to $addMachines-39
[32mINFO    [0m integration.test_bundle:test_bundle.py:46 Waiting for active: mysql, self-signed-certificates, sysbench
[31m[1mERROR   [0m juju.model:_jasyncio.py:48 Task tmp raised an exception: watcher was stopped
Traceback (most recent call last):
  File "/home/runner/work/mysql-bundle/mysql-bundle/.tox/integration/lib/python3.12/site-packages/juju/_jasyncio.py", line 36, in _task_result_exp_handler
    task.result()
  File "/home/runner/work/mysql-bundle/mysql-bundle/.tox/integration/lib/python3.12/site-packages/juju/client/facade.py", line 482, in wrapper
    reply = await f(*args, **kwargs)
            ^^^^^^^^^^^^^^^^^^^^^^^^
  File "/home/runner/work/mysql-bundle/mysql-bundle/.tox/integration/lib/python3.12/site-packages/juju/client/_client3.py", line 126, in Next
    reply = await self.rpc(msg)
            ^^^^^^^^^^^^^^^^^^^
  File "/home/runner/work/mysql-bundle/mysql-bundle/.tox/integration/lib/python3.12/site-packages/juju/client/overrides.py", line 116, in rpc
    result = await self.connection.rpc(msg, encoder=TypeEncoder)
             ^^^^^^^^^^^^^^^^^^^^^^^^^^^^^^^^^^^^^^^^^^^^^^^^^^^
  File "/home/runner/work/mysql-bundle/mysql-bundle/.tox/integration/lib/python3.12/site-packages/juju/client/connection.py", line 597, in rpc
    raise errors.JujuAPIError(result)
juju.errors.JujuAPIError: watcher was stopped
[33mWARNING [0m juju.model:__init__.py:1340 Watcher: watcher stopped, restarting
[33mWARNING [0m juju.client.connection:connection.py:579 RPC: Connection closed, reconnecting
[33mWARNING [0m juju.client.connection:connection.py:493 Receiver: Connection closed, reconnecting
[31m[1mERROR   [0m asyncio:base_events.py:1821 Task exception was never retrieved
future: <Task finished name='Task-2856' coro=<Connection.reconnect() done, defined at /home/runner/work/mysql-bundle/mysql-bundle/.tox/integration/lib/python3.12/site-packages/juju/client/connection.py:697> exception=InvalidStatusCode(503, Headers([('Content-Type', 'text/plain; charset=utf-8'), ('X-Content-Type-Options', 'nosniff'), ('Date', 'Sun, 14 Dec 2025 01:36:01 GMT'), ('Content-Length', '31')]))>
Traceback (most recent call last):
  File "/home/runner/work/mysql-bundle/mysql-bundle/.tox/integration/lib/python3.12/site-packages/juju/client/connection.py", line 709, in reconnect
    res = await connector(
          ^^^^^^^^^^^^^^^^
  File "/home/runner/work/mysql-bundle/mysql-bundle/.tox/integration/lib/python3.12/site-packages/juju/client/connection.py", line 800, in _connect_with_login
    await self._connect(endpoints)
  File "/home/runner/work/mysql-bundle/mysql-bundle/.tox/integration/lib/python3.12/site-packages/juju/client/connection.py", line 743, in _connect
    result = await task
             ^^^^^^^^^^
  File "/usr/lib/python3.12/asyncio/tasks.py", line 631, in _wait_for_one
    return f.result()  # May raise f.exception().
           ^^^^^^^^^^
  File "/home/runner/work/mysql-bundle/mysql-bundle/.tox/integration/lib/python3.12/site-packages/juju/client/connection.py", line 729, in _try_endpoint
    return await self._open(endpoint, cacert)
           ^^^^^^^^^^^^^^^^^^^^^^^^^^^^^^^^^^
  File "/home/runner/work/mysql-bundle/mysql-bundle/.tox/integration/lib/python3.12/site-packages/juju/client/connection.py", line 333, in _open
    await websockets.connect(
  File "/home/runner/work/mysql-bundle/mysql-bundle/.tox/integration/lib/python3.12/site-packages/websockets/legacy/client.py", line 656, in __await_impl__
    await protocol.handshake(
  File "/home/runner/work/mysql-bundle/mysql-bundle/.tox/integration/lib/python3.12/site-packages/websockets/legacy/client.py", line 322, in handshake
    raise InvalidStatusCode(status_code, response_headers)
websockets.legacy.exceptions.InvalidStatusCode: server rejected WebSocket connection: HTTP 503
[31m[1mERROR   [0m juju.client.connection:connection.py:587 RPC: Automatic reconnect failed
[32mINFO    [0m pytest_operator.plugin:plugin.py:903 Model status:

Model  Controller           Cloud/Region         Version  SLA          Timestamp
test   localhost-localhost  localhost/localhost  3.6.12   unsupported  01:36:07Z

App                           Version          Status       Scale  Charm                     Channel      Rev  Exposed  Message
data-integrator                                blocked        0/1  data-integrator           latest/edge  160  no       Please specify either topic, index, database name, or prefix
grafana-agent                                  error          0/4  grafana-agent             1/edge       469  no       hook failed: "leader-settings-changed"
landscape-client                               error          1/4  landscape-client          latest/edge   72  no       hook failed: "start"
mysql                                          error          0/3  mysql                     8.0/edge     375  no       hook failed: "certificates-relation-created"
mysql-router                  8.0.41-0ubun...  maintenance    0/1  mysql-router              dpe/edge     972  no       Installing snap
mysql-router-data-integrator                   blocked        0/1  data-integrator           latest/edge  160  no       Please specify either topic, index, database name, or prefix
mysql-test-app                                 unknown          0  mysql-test-app            latest/edge   73  no       
s3-integrator                                  blocked          1  s3-integrator             1/edge       155  no       Missing parameters: ['access-key', 'secret-key']
self-signed-certificates                       error            1  self-signed-certificates  1/edge       455  no       hook failed: "update-status"
sysbench                                       waiting        0/1  sysbench                  latest/edge  187  no       Waiting on data from relation
ubuntu-advantage                               error          1/4  ubuntu-advantage          latest/edge  137  no       hook failed: "start"

Unit                             Workload     Agent       Machine  Public address  Ports  Message
data-integrator/0*               unknown      lost        0        10.179.135.71          agent lost, see 'juju show-status-log data-integrator/0'
mysql-router-data-integrator/0*  unknown      lost        1        10.179.135.140         agent lost, see 'juju show-status-log mysql-router-data-integrator/0'
  grafana-agent/0*               unknown      lost                 10.179.135.140         agent lost, see 'juju show-status-log grafana-agent/0'
  landscape-client/0*            unknown      lost                 10.179.135.140         agent lost, see 'juju show-status-log landscape-client/0'
  mysql-router/0*                unknown      lost                 10.179.135.140         agent lost, see 'juju show-status-log mysql-router/0'
  ubuntu-advantage/0*            unknown      lost                 10.179.135.140         agent lost, see 'juju show-status-log ubuntu-advantage/0'
mysql/0                          unknown      lost        2        10.179.135.80          agent lost, see 'juju show-status-log mysql/0'
  grafana-agent/2                error        lost                 10.179.135.80          hook failed: "install"
  landscape-client/2             maintenance  executing            10.179.135.80          (install) Installing landscape client..
  ubuntu-advantage/2             maintenance  executing            10.179.135.80          (install) installing charm software
mysql/1*                         error        lost        3        10.179.135.91          hook failed: "certificates-relation-created"
  grafana-agent/1                error        lost                 10.179.135.91          hook failed: "leader-settings-changed"
  landscape-client/1             error        lost                 10.179.135.91          hook failed: "start"
  ubuntu-advantage/1             error        lost                 10.179.135.91          hook failed: "start"
mysql/2                          unknown      lost        4        10.179.135.156         agent lost, see 'juju show-status-log mysql/2'
  grafana-agent/3                waiting      allocating           10.179.135.156         agent initialising
  landscape-client/3             unknown      lost                 10.179.135.156         agent lost, see 'juju show-status-log landscape-client/3'
  ubuntu-advantage/3             waiting      allocating           10.179.135.156         agent initialising
s3-integrator/0*                 blocked      idle        5        10.179.135.63          Missing parameters: ['access-key', 'secret-key']
self-signed-certificates/0*      error        idle        6        10.179.135.149         hook failed: "update-status"
sysbench/0*                      unknown      lost        7        10.179.135.107         agent lost, see 'juju show-status-log sysbench/0'

Machine  State    Address         Inst id        Base          AZ             Message
0        down     10.179.135.71   juju-9ba991-0  ubuntu@22.04  runnervm6qbrg  Running
1        down     10.179.135.140  juju-9ba991-1  ubuntu@22.04  runnervm6qbrg  Running
2        down     10.179.135.80   juju-9ba991-2  ubuntu@22.04  runnervm6qbrg  Running
3        down     10.179.135.91   juju-9ba991-3  ubuntu@22.04  runnervm6qbrg  Running
4        down     10.179.135.156  juju-9ba991-4  ubuntu@22.04  runnervm6qbrg  Running
5        started  10.179.135.63   juju-9ba991-5  ubuntu@22.04  runnervm6qbrg  Running
6        started  10.179.135.149  juju-9ba991-6  ubuntu@22.04  runnervm6qbrg  Running
7        down     10.179.135.107  juju-9ba991-7  ubuntu@22.04  runnervm6qbrg  Running

[32mINFO    [0m pytest_operator.plugin:plugin.py:909 Juju error logs:

machine-0: 01:31:41 ERROR juju.worker.dependency "lxd-container-provisioner" manifold worker returned unexpected error: container types not yet available
machine-0: 01:31:41 ERROR juju.worker.dependency "kvm-container-provisioner" manifold worker returned unexpected error: container types not yet available
machine-7: 01:31:50 ERROR juju.worker.dependency "kvm-container-provisioner" manifold worker returned unexpected error: container types not yet available
machine-7: 01:31:50 ERROR juju.worker.dependency "lxd-container-provisioner" manifold worker returned unexpected error: container types not yet available
machine-1: 01:32:30 ERROR juju.worker.dependency "kvm-container-provisioner" manifold worker returned unexpected error: container types not yet available
machine-1: 01:32:30 ERROR juju.worker.dependency "lxd-container-provisioner" manifold worker returned unexpected error: container types not yet available
machine-3: 01:33:14 ERROR juju.worker.dependency "lxd-container-provisioner" manifold worker returned unexpected error: container types not yet available
machine-3: 01:33:14 ERROR juju.worker.dependency "kvm-container-provisioner" manifold worker returned unexpected error: container types not yet available
machine-2: 01:33:41 ERROR juju.worker.dependency "kvm-container-provisioner" manifold worker returned unexpected error: container types not yet available
machine-2: 01:33:41 ERROR juju.worker.dependency "lxd-container-provisioner" manifold worker returned unexpected error: container types not yet available
machine-4: 01:34:13 ERROR juju.worker.dependency "kvm-container-provisioner" manifold worker returned unexpected error: container types not yet available
machine-4: 01:34:13 ERROR juju.worker.dependency "lxd-container-provisioner" manifold worker returned unexpected error: container types not yet available
machine-6: 01:34:55 ERROR juju.worker.dependency "kvm-container-provisioner" manifold worker returned unexpected error: container types not yet available
machine-6: 01:34:55 ERROR juju.worker.dependency "lxd-container-provisioner" manifold worker returned unexpected error: container types not yet available
unit-landscape-client-0: 01:35:07 CRITICAL unit.landscape-client/0.juju-log   File "/var/lib/juju/agents/unit-landscape-client-0/charm/./src/charm.py", line 299, in <module>
    main(LandscapeClientCharm)
  File "/var/lib/juju/agents/unit-landscape-client-0/charm/venv/ops/main.py", line 40, in main
    return _main.main(charm_class=charm_class, use_juju_for_storage=use_juju_for_storage)
  File "/var/lib/juju/agents/unit-landscape-client-0/charm/venv/ops/_main.py", line 558, in main
    manager.run()
  File "/var/lib/juju/agents/unit-landscape-client-0/charm/venv/ops/_main.py", line 543, in run
    self._emit()
  File "/var/lib/juju/agents/unit-landscape-client-0/charm/venv/ops/_main.py", line 502, in _emit
    self._emit_charm_event(self.dispatcher.event_name)
  File "/var/lib/juju/agents/unit-landscape-client-0/charm/venv/ops/_main.py", line 530, in _emit_charm_event
    event_to_emit.emit(*args, **kwargs)
  File "/var/lib/juju/agents/unit-landscape-client-0/charm/venv/ops/framework.py", line 347, in emit
    framework._emit(event)
  File "/var/lib/juju/agents/unit-landscape-client-0/charm/venv/ops/framework.py", line 906, in _emit
    self._reemit(event_path)
  File "/var/lib/juju/agents/unit-landscape-client-0/charm/venv/ops/framework.py", line 996, in _reemit
    custom_handler(event)
  File "/var/lib/juju/agents/unit-landscape-client-0/charm/./src/charm.py", line 253, in _on_config_changed
    self.run_landscape_client()
  File "/var/lib/juju/agents/unit-landscape-client-0/charm/./src/charm.py", line 228, in run_landscape_client
    self.send_registration()
  File "/var/lib/juju/agents/unit-landscape-client-0/charm/./src/charm.py", line 216, in send_registration
    if process_helper([CLIENT_CONFIG_CMD, "--silent"]):
  File "/var/lib/juju/agents/unit-landscape-client-0/charm/./src/charm.py", line 117, in process_helper
    log_error("".join(traceback.format_stack()))

unit-landscape-client-0: 01:35:07 CRITICAL unit.landscape-client/0.juju-log An account name and computer title are required.
Aborting Landscape configuration

machine-5: 01:35:21 ERROR juju.worker.dependency "lxd-container-provisioner" manifold worker returned unexpected error: container types not yet available
machine-5: 01:35:21 ERROR juju.worker.dependency "kvm-container-provisioner" manifold worker returned unexpected error: container types not yet available
unit-landscape-client-1: 01:35:43 CRITICAL unit.landscape-client/1.juju-log   File "/var/lib/juju/agents/unit-landscape-client-1/charm/./src/charm.py", line 299, in <module>
    main(LandscapeClientCharm)
  File "/var/lib/juju/agents/unit-landscape-client-1/charm/venv/ops/main.py", line 40, in main
    return _main.main(charm_class=charm_class, use_juju_for_storage=use_juju_for_storage)
  File "/var/lib/juju/agents/unit-landscape-client-1/charm/venv/ops/_main.py", line 558, in main
    manager.run()
  File "/var/lib/juju/agents/unit-landscape-client-1/charm/venv/ops/_main.py", line 543, in run
    self._emit()
  File "/var/lib/juju/agents/unit-landscape-client-1/charm/venv/ops/_main.py", line 502, in _emit
    self._emit_charm_event(self.dispatcher.event_name)
  File "/var/lib/juju/agents/unit-landscape-client-1/charm/venv/ops/_main.py", line 530, in _emit_charm_event
    event_to_emit.emit(*args, **kwargs)
  File "/var/lib/juju/agents/unit-landscape-client-1/charm/venv/ops/framework.py", line 347, in emit
    framework._emit(event)
  File "/var/lib/juju/agents/unit-landscape-client-1/charm/venv/ops/framework.py", line 906, in _emit
    self._reemit(event_path)
  File "/var/lib/juju/agents/unit-landscape-client-1/charm/venv/ops/framework.py", line 996, in _reemit
    custom_handler(event)
  File "/var/lib/juju/agents/unit-landscape-client-1/charm/./src/charm.py", line 253, in _on_config_changed
    self.run_landscape_client()
  File "/var/lib/juju/agents/unit-landscape-client-1/charm/./src/charm.py", line 228, in run_landscape_client
    self.send_registration()
  File "/var/lib/juju/agents/unit-landscape-client-1/charm/./src/charm.py", line 216, in send_registration
    if process_helper([CLIENT_CONFIG_CMD, "--silent"]):
  File "/var/lib/juju/agents/unit-landscape-client-1/charm/./src/charm.py", line 117, in process_helper
    log_error("".join(traceback.format_stack()))

unit-landscape-client-1: 01:35:43 CRITICAL unit.landscape-client/1.juju-log An account name and computer title are required.
Aborting Landscape configuration

unit-landscape-client-1: 01:35:55 ERROR juju.worker.uniter.operation hook "start" (via unknown/invalid hook handler) failed: starting jujuc server: listening to jujuc socket: mkdir /var/lib/juju/agents/unit-landscape-client-1/3492675763: no space left on device
unit-mysql-1: 01:35:56 ERROR juju.worker.uniter.operation hook "certificates-relation-created" (via unknown/invalid hook handler) failed: starting jujuc server: listening to jujuc socket: mkdir /var/lib/juju/agents/unit-mysql-1/1990822351: no space left on device
unit-ubuntu-advantage-1: 01:35:56 ERROR juju.worker.uniter.operation hook "start" (via unknown/invalid hook handler) failed: starting jujuc server: listening to jujuc socket: mkdir /var/lib/juju/agents/unit-ubuntu-advantage-1/2274552816: no space left on device
unit-grafana-agent-1: 01:35:56 ERROR juju.worker.uniter.operation hook "leader-settings-changed" (via unknown/invalid hook handler) failed: starting jujuc server: listening to jujuc socket: mkdir /var/lib/juju/agents/unit-grafana-agent-1/3356478141: no space left on device
machine-5: 01:36:01 ERROR juju.worker.dependency "log-sender" manifold worker returned unexpected error: sending log message: websocket: close 1006 (abnormal closure): unexpected EOF: set tcp 10.179.135.63:35764: use of closed network connection
machine-5: 01:36:01 ERROR juju.api.watcher error trying to stop watcher: websocket: close sent
machine-5: 01:36:01 ERROR juju.api.watcher error trying to stop watcher: websocket: close sent
machine-5: 01:36:01 ERROR juju.api.watcher error trying to stop watcher: websocket: close sent
machine-5: 01:36:01 ERROR juju.api.watcher error trying to stop watcher: websocket: close sent
machine-5: 01:36:01 ERROR juju.worker.dependency "migration-inactive-flag" manifold worker returned unexpected error: hub txn watcher sync error: starting change stream: EOF
machine-5: 01:36:01 ERROR juju.worker.dependency "api-caller" manifold worker returned unexpected error: api connection broken unexpectedly
machine-6: 01:36:01 ERROR juju.worker.dependency "log-sender" manifold worker returned unexpected error: sending log message: websocket: close 1006 (abnormal closure): unexpected EOF: set tcp 10.179.135.149:60376: use of closed network connection
machine-6: 01:36:01 ERROR juju.worker.dependency "api-caller" manifold worker returned unexpected error: api connection broken unexpectedly

[32mINFO    [0m pytest_operator.plugin:plugin.py:991 Forgetting model main...