{"uid":"7fa68730c479163b","name":"test_smoke","fullName":"tests.integration.test_smoke#test_smoke","historyId":"78ffebf457376473b3476ee0f7a454c9","time":{"start":1729560134790,"stop":1729560804845,"duration":670055},"description":"Deploy bundle with app and release as a product.","descriptionHtml":"<p>Deploy bundle with app and release as a product.</p>\n","status":"failed","statusMessage":"AssertionError: assert 'mysql-database' in ['information_schema', 'mysql', 'performance_schema', 'sys']","statusTrace":"Traceback (most recent call last):\n  File \"/home/runner/work/mysql-bundle/mysql-bundle/.tox/integration/lib/python3.10/site-packages/_pytest/runner.py\", line 341, in from_call\n    result: TResult | None = func()\n  File \"/home/runner/work/mysql-bundle/mysql-bundle/.tox/integration/lib/python3.10/site-packages/_pytest/runner.py\", line 242, in <lambda>\n    lambda: runtest_hook(item=item, **kwds), when=when, reraise=reraise\n  File \"/home/runner/work/mysql-bundle/mysql-bundle/.tox/integration/lib/python3.10/site-packages/pluggy/_hooks.py\", line 513, in __call__\n    return self._hookexec(self.name, self._hookimpls.copy(), kwargs, firstresult)\n  File \"/home/runner/work/mysql-bundle/mysql-bundle/.tox/integration/lib/python3.10/site-packages/pluggy/_manager.py\", line 120, in _hookexec\n    return self._inner_hookexec(hook_name, methods, kwargs, firstresult)\n  File \"/home/runner/work/mysql-bundle/mysql-bundle/.tox/integration/lib/python3.10/site-packages/pluggy/_callers.py\", line 182, in _multicall\n    return outcome.get_result()\n  File \"/home/runner/work/mysql-bundle/mysql-bundle/.tox/integration/lib/python3.10/site-packages/pluggy/_result.py\", line 100, in get_result\n    raise exc.with_traceback(exc.__traceback__)\n  File \"/home/runner/work/mysql-bundle/mysql-bundle/.tox/integration/lib/python3.10/site-packages/pluggy/_callers.py\", line 167, in _multicall\n    teardown.throw(outcome._exception)\n  File \"/home/runner/work/mysql-bundle/mysql-bundle/.tox/integration/lib/python3.10/site-packages/_pytest/threadexception.py\", line 92, in pytest_runtest_call\n    yield from thread_exception_runtest_hook()\n  File \"/home/runner/work/mysql-bundle/mysql-bundle/.tox/integration/lib/python3.10/site-packages/_pytest/threadexception.py\", line 68, in thread_exception_runtest_hook\n    yield\n  File \"/home/runner/work/mysql-bundle/mysql-bundle/.tox/integration/lib/python3.10/site-packages/pluggy/_callers.py\", line 167, in _multicall\n    teardown.throw(outcome._exception)\n  File \"/home/runner/work/mysql-bundle/mysql-bundle/.tox/integration/lib/python3.10/site-packages/_pytest/unraisableexception.py\", line 95, in pytest_runtest_call\n    yield from unraisable_exception_runtest_hook()\n  File \"/home/runner/work/mysql-bundle/mysql-bundle/.tox/integration/lib/python3.10/site-packages/_pytest/unraisableexception.py\", line 70, in unraisable_exception_runtest_hook\n    yield\n  File \"/home/runner/work/mysql-bundle/mysql-bundle/.tox/integration/lib/python3.10/site-packages/pluggy/_callers.py\", line 167, in _multicall\n    teardown.throw(outcome._exception)\n  File \"/home/runner/work/mysql-bundle/mysql-bundle/.tox/integration/lib/python3.10/site-packages/_pytest/logging.py\", line 846, in pytest_runtest_call\n    yield from self._runtest_for(item, \"call\")\n  File \"/home/runner/work/mysql-bundle/mysql-bundle/.tox/integration/lib/python3.10/site-packages/_pytest/logging.py\", line 829, in _runtest_for\n    yield\n  File \"/home/runner/work/mysql-bundle/mysql-bundle/.tox/integration/lib/python3.10/site-packages/pluggy/_callers.py\", line 167, in _multicall\n    teardown.throw(outcome._exception)\n  File \"/home/runner/work/mysql-bundle/mysql-bundle/.tox/integration/lib/python3.10/site-packages/_pytest/capture.py\", line 880, in pytest_runtest_call\n    return (yield)\n  File \"/home/runner/work/mysql-bundle/mysql-bundle/.tox/integration/lib/python3.10/site-packages/pluggy/_callers.py\", line 167, in _multicall\n    teardown.throw(outcome._exception)\n  File \"/home/runner/work/mysql-bundle/mysql-bundle/.tox/integration/lib/python3.10/site-packages/_pytest/skipping.py\", line 257, in pytest_runtest_call\n    return (yield)\n  File \"/home/runner/work/mysql-bundle/mysql-bundle/.tox/integration/lib/python3.10/site-packages/pluggy/_callers.py\", line 103, in _multicall\n    res = hook_impl.function(*args)\n  File \"/home/runner/work/mysql-bundle/mysql-bundle/.tox/integration/lib/python3.10/site-packages/_pytest/runner.py\", line 174, in pytest_runtest_call\n    item.runtest()\n  File \"/home/runner/work/mysql-bundle/mysql-bundle/.tox/integration/lib/python3.10/site-packages/_pytest/python.py\", line 1627, in runtest\n    self.ihook.pytest_pyfunc_call(pyfuncitem=self)\n  File \"/home/runner/work/mysql-bundle/mysql-bundle/.tox/integration/lib/python3.10/site-packages/pluggy/_hooks.py\", line 513, in __call__\n    return self._hookexec(self.name, self._hookimpls.copy(), kwargs, firstresult)\n  File \"/home/runner/work/mysql-bundle/mysql-bundle/.tox/integration/lib/python3.10/site-packages/pluggy/_manager.py\", line 120, in _hookexec\n    return self._inner_hookexec(hook_name, methods, kwargs, firstresult)\n  File \"/home/runner/work/mysql-bundle/mysql-bundle/.tox/integration/lib/python3.10/site-packages/pluggy/_callers.py\", line 182, in _multicall\n    return outcome.get_result()\n  File \"/home/runner/work/mysql-bundle/mysql-bundle/.tox/integration/lib/python3.10/site-packages/pluggy/_result.py\", line 100, in get_result\n    raise exc.with_traceback(exc.__traceback__)\n  File \"/home/runner/work/mysql-bundle/mysql-bundle/.tox/integration/lib/python3.10/site-packages/pluggy/_callers.py\", line 103, in _multicall\n    res = hook_impl.function(*args)\n  File \"/home/runner/work/mysql-bundle/mysql-bundle/.tox/integration/lib/python3.10/site-packages/_pytest/python.py\", line 159, in pytest_pyfunc_call\n    result = testfunction(**testargs)\n  File \"/home/runner/work/mysql-bundle/mysql-bundle/.tox/integration/lib/python3.10/site-packages/pytest_asyncio/plugin.py\", line 529, in inner\n    _loop.run_until_complete(task)\n  File \"/usr/lib/python3.10/asyncio/base_events.py\", line 649, in run_until_complete\n    return future.result()\n  File \"/home/runner/work/mysql-bundle/mysql-bundle/tests/integration/test_smoke.py\", line 110, in test_smoke\n    assert \"mysql-database\" in databases\nAssertionError: assert 'mysql-database' in ['information_schema', 'mysql', 'performance_schema', 'sys']","flaky":false,"newFailed":true,"newBroken":false,"newPassed":false,"retriesCount":1,"retriesStatusChange":true,"beforeStages":[{"name":"event_loop","time":{"start":1729560134647,"stop":1729560134647,"duration":0},"status":"passed","steps":[],"attachments":[],"parameters":[],"stepsCount":0,"shouldDisplayMessage":false,"attachmentsCount":0,"hasContent":false,"attachmentStep":false},{"name":"tmp_path_factory","time":{"start":1729560134648,"stop":1729560134648,"duration":0},"status":"passed","steps":[],"attachments":[],"parameters":[],"stepsCount":0,"shouldDisplayMessage":false,"attachmentsCount":0,"hasContent":false,"attachmentStep":false},{"name":"ops_test","time":{"start":1729560134648,"stop":1729560134789,"duration":141},"status":"passed","steps":[],"attachments":[],"parameters":[],"stepsCount":0,"shouldDisplayMessage":false,"attachmentsCount":0,"hasContent":false,"attachmentStep":false},{"name":"abort_on_fail","time":{"start":1729560134789,"stop":1729560134790,"duration":1},"status":"passed","steps":[],"attachments":[],"parameters":[],"stepsCount":0,"shouldDisplayMessage":false,"attachmentsCount":0,"hasContent":false,"attachmentStep":false}],"testStage":{"description":"Deploy bundle with app and release as a product.","status":"failed","statusMessage":"AssertionError: assert 'mysql-database' in ['information_schema', 'mysql', 'performance_schema', 'sys']","statusTrace":"Traceback (most recent call last):\n  File \"/home/runner/work/mysql-bundle/mysql-bundle/.tox/integration/lib/python3.10/site-packages/_pytest/runner.py\", line 341, in from_call\n    result: TResult | None = func()\n  File \"/home/runner/work/mysql-bundle/mysql-bundle/.tox/integration/lib/python3.10/site-packages/_pytest/runner.py\", line 242, in <lambda>\n    lambda: runtest_hook(item=item, **kwds), when=when, reraise=reraise\n  File \"/home/runner/work/mysql-bundle/mysql-bundle/.tox/integration/lib/python3.10/site-packages/pluggy/_hooks.py\", line 513, in __call__\n    return self._hookexec(self.name, self._hookimpls.copy(), kwargs, firstresult)\n  File \"/home/runner/work/mysql-bundle/mysql-bundle/.tox/integration/lib/python3.10/site-packages/pluggy/_manager.py\", line 120, in _hookexec\n    return self._inner_hookexec(hook_name, methods, kwargs, firstresult)\n  File \"/home/runner/work/mysql-bundle/mysql-bundle/.tox/integration/lib/python3.10/site-packages/pluggy/_callers.py\", line 182, in _multicall\n    return outcome.get_result()\n  File \"/home/runner/work/mysql-bundle/mysql-bundle/.tox/integration/lib/python3.10/site-packages/pluggy/_result.py\", line 100, in get_result\n    raise exc.with_traceback(exc.__traceback__)\n  File \"/home/runner/work/mysql-bundle/mysql-bundle/.tox/integration/lib/python3.10/site-packages/pluggy/_callers.py\", line 167, in _multicall\n    teardown.throw(outcome._exception)\n  File \"/home/runner/work/mysql-bundle/mysql-bundle/.tox/integration/lib/python3.10/site-packages/_pytest/threadexception.py\", line 92, in pytest_runtest_call\n    yield from thread_exception_runtest_hook()\n  File \"/home/runner/work/mysql-bundle/mysql-bundle/.tox/integration/lib/python3.10/site-packages/_pytest/threadexception.py\", line 68, in thread_exception_runtest_hook\n    yield\n  File \"/home/runner/work/mysql-bundle/mysql-bundle/.tox/integration/lib/python3.10/site-packages/pluggy/_callers.py\", line 167, in _multicall\n    teardown.throw(outcome._exception)\n  File \"/home/runner/work/mysql-bundle/mysql-bundle/.tox/integration/lib/python3.10/site-packages/_pytest/unraisableexception.py\", line 95, in pytest_runtest_call\n    yield from unraisable_exception_runtest_hook()\n  File \"/home/runner/work/mysql-bundle/mysql-bundle/.tox/integration/lib/python3.10/site-packages/_pytest/unraisableexception.py\", line 70, in unraisable_exception_runtest_hook\n    yield\n  File \"/home/runner/work/mysql-bundle/mysql-bundle/.tox/integration/lib/python3.10/site-packages/pluggy/_callers.py\", line 167, in _multicall\n    teardown.throw(outcome._exception)\n  File \"/home/runner/work/mysql-bundle/mysql-bundle/.tox/integration/lib/python3.10/site-packages/_pytest/logging.py\", line 846, in pytest_runtest_call\n    yield from self._runtest_for(item, \"call\")\n  File \"/home/runner/work/mysql-bundle/mysql-bundle/.tox/integration/lib/python3.10/site-packages/_pytest/logging.py\", line 829, in _runtest_for\n    yield\n  File \"/home/runner/work/mysql-bundle/mysql-bundle/.tox/integration/lib/python3.10/site-packages/pluggy/_callers.py\", line 167, in _multicall\n    teardown.throw(outcome._exception)\n  File \"/home/runner/work/mysql-bundle/mysql-bundle/.tox/integration/lib/python3.10/site-packages/_pytest/capture.py\", line 880, in pytest_runtest_call\n    return (yield)\n  File \"/home/runner/work/mysql-bundle/mysql-bundle/.tox/integration/lib/python3.10/site-packages/pluggy/_callers.py\", line 167, in _multicall\n    teardown.throw(outcome._exception)\n  File \"/home/runner/work/mysql-bundle/mysql-bundle/.tox/integration/lib/python3.10/site-packages/_pytest/skipping.py\", line 257, in pytest_runtest_call\n    return (yield)\n  File \"/home/runner/work/mysql-bundle/mysql-bundle/.tox/integration/lib/python3.10/site-packages/pluggy/_callers.py\", line 103, in _multicall\n    res = hook_impl.function(*args)\n  File \"/home/runner/work/mysql-bundle/mysql-bundle/.tox/integration/lib/python3.10/site-packages/_pytest/runner.py\", line 174, in pytest_runtest_call\n    item.runtest()\n  File \"/home/runner/work/mysql-bundle/mysql-bundle/.tox/integration/lib/python3.10/site-packages/_pytest/python.py\", line 1627, in runtest\n    self.ihook.pytest_pyfunc_call(pyfuncitem=self)\n  File \"/home/runner/work/mysql-bundle/mysql-bundle/.tox/integration/lib/python3.10/site-packages/pluggy/_hooks.py\", line 513, in __call__\n    return self._hookexec(self.name, self._hookimpls.copy(), kwargs, firstresult)\n  File \"/home/runner/work/mysql-bundle/mysql-bundle/.tox/integration/lib/python3.10/site-packages/pluggy/_manager.py\", line 120, in _hookexec\n    return self._inner_hookexec(hook_name, methods, kwargs, firstresult)\n  File \"/home/runner/work/mysql-bundle/mysql-bundle/.tox/integration/lib/python3.10/site-packages/pluggy/_callers.py\", line 182, in _multicall\n    return outcome.get_result()\n  File \"/home/runner/work/mysql-bundle/mysql-bundle/.tox/integration/lib/python3.10/site-packages/pluggy/_result.py\", line 100, in get_result\n    raise exc.with_traceback(exc.__traceback__)\n  File \"/home/runner/work/mysql-bundle/mysql-bundle/.tox/integration/lib/python3.10/site-packages/pluggy/_callers.py\", line 103, in _multicall\n    res = hook_impl.function(*args)\n  File \"/home/runner/work/mysql-bundle/mysql-bundle/.tox/integration/lib/python3.10/site-packages/_pytest/python.py\", line 159, in pytest_pyfunc_call\n    result = testfunction(**testargs)\n  File \"/home/runner/work/mysql-bundle/mysql-bundle/.tox/integration/lib/python3.10/site-packages/pytest_asyncio/plugin.py\", line 529, in inner\n    _loop.run_until_complete(task)\n  File \"/usr/lib/python3.10/asyncio/base_events.py\", line 649, in run_until_complete\n    return future.result()\n  File \"/home/runner/work/mysql-bundle/mysql-bundle/tests/integration/test_smoke.py\", line 110, in test_smoke\n    assert \"mysql-database\" in databases\nAssertionError: assert 'mysql-database' in ['information_schema', 'mysql', 'performance_schema', 'sys']","steps":[],"attachments":[{"uid":"86a2de5541403ae6","name":"log","source":"86a2de5541403ae6.txt","type":"text/plain","size":70454}],"parameters":[],"stepsCount":0,"shouldDisplayMessage":true,"attachmentsCount":1,"hasContent":true,"attachmentStep":false},"afterStages":[{"name":"abort_on_fail::0","time":{"start":1729560804859,"stop":1729560804859,"duration":0},"status":"passed","steps":[],"attachments":[],"parameters":[],"stepsCount":0,"shouldDisplayMessage":false,"attachmentsCount":0,"hasContent":false,"attachmentStep":false},{"name":"ops_test::finalizer","time":{"start":1729560804859,"stop":1729560806410,"duration":1551},"status":"passed","steps":[],"attachments":[],"parameters":[],"stepsCount":0,"shouldDisplayMessage":false,"attachmentsCount":0,"hasContent":false,"attachmentStep":false},{"name":"event_loop::2","time":{"start":1729560806410,"stop":1729560806410,"duration":0},"status":"passed","steps":[],"attachments":[],"parameters":[],"stepsCount":0,"shouldDisplayMessage":false,"attachmentsCount":0,"hasContent":false,"attachmentStep":false},{"name":"event_loop::_close_event_loop","time":{"start":1729560806410,"stop":1729560806410,"duration":0},"status":"passed","steps":[],"attachments":[],"parameters":[],"stepsCount":0,"shouldDisplayMessage":false,"attachmentsCount":0,"hasContent":false,"attachmentStep":false},{"name":"event_loop::_provide_clean_event_loop","time":{"start":1729560806410,"stop":1729560806410,"duration":0},"status":"passed","steps":[],"attachments":[],"parameters":[],"stepsCount":0,"shouldDisplayMessage":false,"attachmentsCount":0,"hasContent":false,"attachmentStep":false}],"labels":[{"name":"tag","value":"group(1)"},{"name":"tag","value":"abort_on_fail"},{"name":"tag","value":"asyncio"},{"name":"parentSuite","value":"tests.integration"},{"name":"suite","value":"test_smoke"},{"name":"host","value":"fv-az1215-275"},{"name":"thread","value":"15825-MainThread"},{"name":"framework","value":"pytest"},{"name":"language","value":"cpython3"},{"name":"package","value":"tests.integration.test_smoke"},{"name":"resultFormat","value":"allure2"}],"parameters":[],"links":[],"hidden":false,"retry":false,"extra":{"severity":"normal","retries":[{"uid":"4aa2b1a84697767c","status":"unknown","time":{}}],"categories":[{"name":"Product defects","matchedStatuses":[],"flaky":false}],"history":{"statistic":{"failed":7,"broken":3,"skipped":0,"passed":68,"unknown":3,"total":81},"items":[{"uid":"261377ce05df005e","reportUrl":"../1260//#testresult/261377ce05df005e","status":"passed","time":{"start":1729473742282,"stop":1729474609995,"duration":867713}},{"uid":"cd907572ef9f7cfa","reportUrl":"../1258//#testresult/cd907572ef9f7cfa","status":"passed","time":{"start":1729387358586,"stop":1729388213803,"duration":855217}},{"uid":"34b73bd1ea5950b5","reportUrl":"../1256//#testresult/34b73bd1ea5950b5","status":"passed","time":{"start":1729300950642,"stop":1729301758447,"duration":807805}},{"uid":"e9e7091a11fdbc68","reportUrl":"../1253//#testresult/e9e7091a11fdbc68","status":"passed","time":{"start":1729214627518,"stop":1729215530618,"duration":903100}},{"uid":"ed8c2027be43fb9c","reportUrl":"../1250//#testresult/ed8c2027be43fb9c","status":"passed","time":{"start":1729128153748,"stop":1729128957888,"duration":804140}},{"uid":"5aa39bef1e577800","reportUrl":"../1248//#testresult/5aa39bef1e577800","status":"passed","time":{"start":1729041752726,"stop":1729042647903,"duration":895177}},{"uid":"c70c5da0fddc2440","reportUrl":"../1243//#testresult/c70c5da0fddc2440","status":"passed","time":{"start":1728955377931,"stop":1728956299332,"duration":921401}},{"uid":"360213401b09a036","reportUrl":"../1241//#testresult/360213401b09a036","status":"passed","time":{"start":1728868965501,"stop":1728869889521,"duration":924020}},{"uid":"63181977b8f6755e","reportUrl":"../1239//#testresult/63181977b8f6755e","status":"passed","time":{"start":1728782587961,"stop":1728783424608,"duration":836647}},{"uid":"83d19cbed7882684","reportUrl":"../1237//#testresult/83d19cbed7882684","status":"passed","time":{"start":1728696133944,"stop":1728696971930,"duration":837986}},{"uid":"399e15321c5dfe1e","reportUrl":"../1232//#testresult/399e15321c5dfe1e","status":"broken","statusDetails":"asyncio.exceptions.TimeoutError","time":{"start":1728609786050,"stop":1728611005849,"duration":1219799}},{"uid":"4f0607da4edfacf0","reportUrl":"../1228//#testresult/4f0607da4edfacf0","status":"passed","time":{"start":1728523360891,"stop":1728524316852,"duration":955961}},{"uid":"34c51a61bf441542","reportUrl":"../1224//#testresult/34c51a61bf441542","status":"passed","time":{"start":1728436939032,"stop":1728437780466,"duration":841434}},{"uid":"78112bb28bdc9831","reportUrl":"../1220//#testresult/78112bb28bdc9831","status":"passed","time":{"start":1728350532651,"stop":1728351518059,"duration":985408}},{"uid":"2602df659b6dd0fb","reportUrl":"../1217//#testresult/2602df659b6dd0fb","status":"passed","time":{"start":1728264171822,"stop":1728265017670,"duration":845848}},{"uid":"f39e4ee6e58c678c","reportUrl":"../1216//#testresult/f39e4ee6e58c678c","status":"failed","statusDetails":"AssertionError: assert 'mysql-database' in ['information_schema', 'mysql', 'performance_schema', 'sys']","time":{"start":1728177756855,"stop":1728178452698,"duration":695843}},{"uid":"e59c60f5697d3d2e","reportUrl":"../1215//#testresult/e59c60f5697d3d2e","status":"passed","time":{"start":1728091389145,"stop":1728092210799,"duration":821654}},{"uid":"8974384e1b644174","reportUrl":"../1213//#testresult/8974384e1b644174","status":"failed","statusDetails":"AssertionError: assert 'mysql-database' in ['information_schema', 'mysql', 'performance_schema', 'sys']","time":{"start":1728004980143,"stop":1728005782035,"duration":801892}},{"uid":"5310bae690c1f450","reportUrl":"../1210//#testresult/5310bae690c1f450","status":"passed","time":{"start":1727918533828,"stop":1727919299753,"duration":765925}},{"uid":"5fc4592f373ddecf","reportUrl":"../1201//#testresult/5fc4592f373ddecf","status":"passed","time":{"start":1727832168854,"stop":1727833089317,"duration":920463}}]},"tags":["asyncio","abort_on_fail","group(1)"]},"source":"7fa68730c479163b.json","parameterValues":[]}