{"uid":"dcf899377788dbf7","name":"test_smoke","fullName":"tests.integration.test_smoke#test_smoke","historyId":"78ffebf457376473b3476ee0f7a454c9","time":{"start":1743470618370,"stop":1743471418737,"duration":800367},"description":"Deploy bundle with app and release as a product.","descriptionHtml":"<p>Deploy bundle with app and release as a product.</p>\n","status":"failed","statusMessage":"AssertionError: assert 'mysql-database' in ['information_schema', 'mysql', 'performance_schema', 'sys']","statusTrace":"Traceback (most recent call last):\n  File \"/home/runner/work/mysql-bundle/mysql-bundle/.tox/integration/lib/python3.12/site-packages/_pytest/runner.py\", line 341, in from_call\n    result: TResult | None = func()\n                             ^^^^^^\n  File \"/home/runner/work/mysql-bundle/mysql-bundle/.tox/integration/lib/python3.12/site-packages/_pytest/runner.py\", line 242, in <lambda>\n    lambda: runtest_hook(item=item, **kwds), when=when, reraise=reraise\n            ^^^^^^^^^^^^^^^^^^^^^^^^^^^^^^^\n  File \"/home/runner/work/mysql-bundle/mysql-bundle/.tox/integration/lib/python3.12/site-packages/pluggy/_hooks.py\", line 513, in __call__\n    return self._hookexec(self.name, self._hookimpls.copy(), kwargs, firstresult)\n           ^^^^^^^^^^^^^^^^^^^^^^^^^^^^^^^^^^^^^^^^^^^^^^^^^^^^^^^^^^^^^^^^^^^^^^\n  File \"/home/runner/work/mysql-bundle/mysql-bundle/.tox/integration/lib/python3.12/site-packages/pluggy/_manager.py\", line 120, in _hookexec\n    return self._inner_hookexec(hook_name, methods, kwargs, firstresult)\n           ^^^^^^^^^^^^^^^^^^^^^^^^^^^^^^^^^^^^^^^^^^^^^^^^^^^^^^^^^^^^^\n  File \"/home/runner/work/mysql-bundle/mysql-bundle/.tox/integration/lib/python3.12/site-packages/pluggy/_callers.py\", line 182, in _multicall\n    return outcome.get_result()\n           ^^^^^^^^^^^^^^^^^^^^\n  File \"/home/runner/work/mysql-bundle/mysql-bundle/.tox/integration/lib/python3.12/site-packages/pluggy/_result.py\", line 100, in get_result\n    raise exc.with_traceback(exc.__traceback__)\n  File \"/home/runner/work/mysql-bundle/mysql-bundle/.tox/integration/lib/python3.12/site-packages/pluggy/_callers.py\", line 167, in _multicall\n    teardown.throw(outcome._exception)\n  File \"/home/runner/work/mysql-bundle/mysql-bundle/.tox/integration/lib/python3.12/site-packages/_pytest/threadexception.py\", line 92, in pytest_runtest_call\n    yield from thread_exception_runtest_hook()\n  File \"/home/runner/work/mysql-bundle/mysql-bundle/.tox/integration/lib/python3.12/site-packages/_pytest/threadexception.py\", line 68, in thread_exception_runtest_hook\n    yield\n  File \"/home/runner/work/mysql-bundle/mysql-bundle/.tox/integration/lib/python3.12/site-packages/pluggy/_callers.py\", line 167, in _multicall\n    teardown.throw(outcome._exception)\n  File \"/home/runner/work/mysql-bundle/mysql-bundle/.tox/integration/lib/python3.12/site-packages/_pytest/unraisableexception.py\", line 95, in pytest_runtest_call\n    yield from unraisable_exception_runtest_hook()\n  File \"/home/runner/work/mysql-bundle/mysql-bundle/.tox/integration/lib/python3.12/site-packages/_pytest/unraisableexception.py\", line 70, in unraisable_exception_runtest_hook\n    yield\n  File \"/home/runner/work/mysql-bundle/mysql-bundle/.tox/integration/lib/python3.12/site-packages/pluggy/_callers.py\", line 167, in _multicall\n    teardown.throw(outcome._exception)\n  File \"/home/runner/work/mysql-bundle/mysql-bundle/.tox/integration/lib/python3.12/site-packages/_pytest/logging.py\", line 846, in pytest_runtest_call\n    yield from self._runtest_for(item, \"call\")\n  File \"/home/runner/work/mysql-bundle/mysql-bundle/.tox/integration/lib/python3.12/site-packages/_pytest/logging.py\", line 829, in _runtest_for\n    yield\n  File \"/home/runner/work/mysql-bundle/mysql-bundle/.tox/integration/lib/python3.12/site-packages/pluggy/_callers.py\", line 167, in _multicall\n    teardown.throw(outcome._exception)\n  File \"/home/runner/work/mysql-bundle/mysql-bundle/.tox/integration/lib/python3.12/site-packages/_pytest/capture.py\", line 880, in pytest_runtest_call\n    return (yield)\n            ^^^^^\n  File \"/home/runner/work/mysql-bundle/mysql-bundle/.tox/integration/lib/python3.12/site-packages/pluggy/_callers.py\", line 167, in _multicall\n    teardown.throw(outcome._exception)\n  File \"/home/runner/work/mysql-bundle/mysql-bundle/.tox/integration/lib/python3.12/site-packages/_pytest/skipping.py\", line 257, in pytest_runtest_call\n    return (yield)\n            ^^^^^\n  File \"/home/runner/work/mysql-bundle/mysql-bundle/.tox/integration/lib/python3.12/site-packages/pluggy/_callers.py\", line 103, in _multicall\n    res = hook_impl.function(*args)\n          ^^^^^^^^^^^^^^^^^^^^^^^^^\n  File \"/home/runner/work/mysql-bundle/mysql-bundle/.tox/integration/lib/python3.12/site-packages/_pytest/runner.py\", line 174, in pytest_runtest_call\n    item.runtest()\n  File \"/home/runner/work/mysql-bundle/mysql-bundle/.tox/integration/lib/python3.12/site-packages/_pytest/python.py\", line 1627, in runtest\n    self.ihook.pytest_pyfunc_call(pyfuncitem=self)\n  File \"/home/runner/work/mysql-bundle/mysql-bundle/.tox/integration/lib/python3.12/site-packages/pluggy/_hooks.py\", line 513, in __call__\n    return self._hookexec(self.name, self._hookimpls.copy(), kwargs, firstresult)\n           ^^^^^^^^^^^^^^^^^^^^^^^^^^^^^^^^^^^^^^^^^^^^^^^^^^^^^^^^^^^^^^^^^^^^^^\n  File \"/home/runner/work/mysql-bundle/mysql-bundle/.tox/integration/lib/python3.12/site-packages/pluggy/_manager.py\", line 120, in _hookexec\n    return self._inner_hookexec(hook_name, methods, kwargs, firstresult)\n           ^^^^^^^^^^^^^^^^^^^^^^^^^^^^^^^^^^^^^^^^^^^^^^^^^^^^^^^^^^^^^\n  File \"/home/runner/work/mysql-bundle/mysql-bundle/.tox/integration/lib/python3.12/site-packages/pluggy/_callers.py\", line 182, in _multicall\n    return outcome.get_result()\n           ^^^^^^^^^^^^^^^^^^^^\n  File \"/home/runner/work/mysql-bundle/mysql-bundle/.tox/integration/lib/python3.12/site-packages/pluggy/_result.py\", line 100, in get_result\n    raise exc.with_traceback(exc.__traceback__)\n  File \"/home/runner/work/mysql-bundle/mysql-bundle/.tox/integration/lib/python3.12/site-packages/pluggy/_callers.py\", line 103, in _multicall\n    res = hook_impl.function(*args)\n          ^^^^^^^^^^^^^^^^^^^^^^^^^\n  File \"/home/runner/work/mysql-bundle/mysql-bundle/.tox/integration/lib/python3.12/site-packages/_pytest/python.py\", line 159, in pytest_pyfunc_call\n    result = testfunction(**testargs)\n             ^^^^^^^^^^^^^^^^^^^^^^^^\n  File \"/home/runner/work/mysql-bundle/mysql-bundle/.tox/integration/lib/python3.12/site-packages/pytest_asyncio/plugin.py\", line 529, in inner\n    _loop.run_until_complete(task)\n  File \"/usr/lib/python3.12/asyncio/base_events.py\", line 687, in run_until_complete\n    return future.result()\n           ^^^^^^^^^^^^^^^\n  File \"/home/runner/work/mysql-bundle/mysql-bundle/tests/integration/test_smoke.py\", line 110, in test_smoke\n    assert \"mysql-database\" in databases\nAssertionError: assert 'mysql-database' in ['information_schema', 'mysql', 'performance_schema', 'sys']","flaky":true,"newFailed":true,"newBroken":false,"newPassed":false,"retriesCount":1,"retriesStatusChange":true,"beforeStages":[{"name":"event_loop","time":{"start":1743470618217,"stop":1743470618218,"duration":1},"status":"passed","steps":[],"attachments":[],"parameters":[],"shouldDisplayMessage":false,"stepsCount":0,"attachmentsCount":0,"hasContent":false,"attachmentStep":false},{"name":"tmp_path_factory","time":{"start":1743470618218,"stop":1743470618218,"duration":0},"status":"passed","steps":[],"attachments":[],"parameters":[],"shouldDisplayMessage":false,"stepsCount":0,"attachmentsCount":0,"hasContent":false,"attachmentStep":false},{"name":"ops_test","time":{"start":1743470618218,"stop":1743470618369,"duration":151},"status":"passed","steps":[],"attachments":[],"parameters":[],"shouldDisplayMessage":false,"stepsCount":0,"attachmentsCount":0,"hasContent":false,"attachmentStep":false},{"name":"abort_on_fail","time":{"start":1743470618370,"stop":1743470618370,"duration":0},"status":"passed","steps":[],"attachments":[],"parameters":[],"shouldDisplayMessage":false,"stepsCount":0,"attachmentsCount":0,"hasContent":false,"attachmentStep":false}],"testStage":{"description":"Deploy bundle with app and release as a product.","status":"failed","statusMessage":"AssertionError: assert 'mysql-database' in ['information_schema', 'mysql', 'performance_schema', 'sys']","statusTrace":"Traceback (most recent call last):\n  File \"/home/runner/work/mysql-bundle/mysql-bundle/.tox/integration/lib/python3.12/site-packages/_pytest/runner.py\", line 341, in from_call\n    result: TResult | None = func()\n                             ^^^^^^\n  File \"/home/runner/work/mysql-bundle/mysql-bundle/.tox/integration/lib/python3.12/site-packages/_pytest/runner.py\", line 242, in <lambda>\n    lambda: runtest_hook(item=item, **kwds), when=when, reraise=reraise\n            ^^^^^^^^^^^^^^^^^^^^^^^^^^^^^^^\n  File \"/home/runner/work/mysql-bundle/mysql-bundle/.tox/integration/lib/python3.12/site-packages/pluggy/_hooks.py\", line 513, in __call__\n    return self._hookexec(self.name, self._hookimpls.copy(), kwargs, firstresult)\n           ^^^^^^^^^^^^^^^^^^^^^^^^^^^^^^^^^^^^^^^^^^^^^^^^^^^^^^^^^^^^^^^^^^^^^^\n  File \"/home/runner/work/mysql-bundle/mysql-bundle/.tox/integration/lib/python3.12/site-packages/pluggy/_manager.py\", line 120, in _hookexec\n    return self._inner_hookexec(hook_name, methods, kwargs, firstresult)\n           ^^^^^^^^^^^^^^^^^^^^^^^^^^^^^^^^^^^^^^^^^^^^^^^^^^^^^^^^^^^^^\n  File \"/home/runner/work/mysql-bundle/mysql-bundle/.tox/integration/lib/python3.12/site-packages/pluggy/_callers.py\", line 182, in _multicall\n    return outcome.get_result()\n           ^^^^^^^^^^^^^^^^^^^^\n  File \"/home/runner/work/mysql-bundle/mysql-bundle/.tox/integration/lib/python3.12/site-packages/pluggy/_result.py\", line 100, in get_result\n    raise exc.with_traceback(exc.__traceback__)\n  File \"/home/runner/work/mysql-bundle/mysql-bundle/.tox/integration/lib/python3.12/site-packages/pluggy/_callers.py\", line 167, in _multicall\n    teardown.throw(outcome._exception)\n  File \"/home/runner/work/mysql-bundle/mysql-bundle/.tox/integration/lib/python3.12/site-packages/_pytest/threadexception.py\", line 92, in pytest_runtest_call\n    yield from thread_exception_runtest_hook()\n  File \"/home/runner/work/mysql-bundle/mysql-bundle/.tox/integration/lib/python3.12/site-packages/_pytest/threadexception.py\", line 68, in thread_exception_runtest_hook\n    yield\n  File \"/home/runner/work/mysql-bundle/mysql-bundle/.tox/integration/lib/python3.12/site-packages/pluggy/_callers.py\", line 167, in _multicall\n    teardown.throw(outcome._exception)\n  File \"/home/runner/work/mysql-bundle/mysql-bundle/.tox/integration/lib/python3.12/site-packages/_pytest/unraisableexception.py\", line 95, in pytest_runtest_call\n    yield from unraisable_exception_runtest_hook()\n  File \"/home/runner/work/mysql-bundle/mysql-bundle/.tox/integration/lib/python3.12/site-packages/_pytest/unraisableexception.py\", line 70, in unraisable_exception_runtest_hook\n    yield\n  File \"/home/runner/work/mysql-bundle/mysql-bundle/.tox/integration/lib/python3.12/site-packages/pluggy/_callers.py\", line 167, in _multicall\n    teardown.throw(outcome._exception)\n  File \"/home/runner/work/mysql-bundle/mysql-bundle/.tox/integration/lib/python3.12/site-packages/_pytest/logging.py\", line 846, in pytest_runtest_call\n    yield from self._runtest_for(item, \"call\")\n  File \"/home/runner/work/mysql-bundle/mysql-bundle/.tox/integration/lib/python3.12/site-packages/_pytest/logging.py\", line 829, in _runtest_for\n    yield\n  File \"/home/runner/work/mysql-bundle/mysql-bundle/.tox/integration/lib/python3.12/site-packages/pluggy/_callers.py\", line 167, in _multicall\n    teardown.throw(outcome._exception)\n  File \"/home/runner/work/mysql-bundle/mysql-bundle/.tox/integration/lib/python3.12/site-packages/_pytest/capture.py\", line 880, in pytest_runtest_call\n    return (yield)\n            ^^^^^\n  File \"/home/runner/work/mysql-bundle/mysql-bundle/.tox/integration/lib/python3.12/site-packages/pluggy/_callers.py\", line 167, in _multicall\n    teardown.throw(outcome._exception)\n  File \"/home/runner/work/mysql-bundle/mysql-bundle/.tox/integration/lib/python3.12/site-packages/_pytest/skipping.py\", line 257, in pytest_runtest_call\n    return (yield)\n            ^^^^^\n  File \"/home/runner/work/mysql-bundle/mysql-bundle/.tox/integration/lib/python3.12/site-packages/pluggy/_callers.py\", line 103, in _multicall\n    res = hook_impl.function(*args)\n          ^^^^^^^^^^^^^^^^^^^^^^^^^\n  File \"/home/runner/work/mysql-bundle/mysql-bundle/.tox/integration/lib/python3.12/site-packages/_pytest/runner.py\", line 174, in pytest_runtest_call\n    item.runtest()\n  File \"/home/runner/work/mysql-bundle/mysql-bundle/.tox/integration/lib/python3.12/site-packages/_pytest/python.py\", line 1627, in runtest\n    self.ihook.pytest_pyfunc_call(pyfuncitem=self)\n  File \"/home/runner/work/mysql-bundle/mysql-bundle/.tox/integration/lib/python3.12/site-packages/pluggy/_hooks.py\", line 513, in __call__\n    return self._hookexec(self.name, self._hookimpls.copy(), kwargs, firstresult)\n           ^^^^^^^^^^^^^^^^^^^^^^^^^^^^^^^^^^^^^^^^^^^^^^^^^^^^^^^^^^^^^^^^^^^^^^\n  File \"/home/runner/work/mysql-bundle/mysql-bundle/.tox/integration/lib/python3.12/site-packages/pluggy/_manager.py\", line 120, in _hookexec\n    return self._inner_hookexec(hook_name, methods, kwargs, firstresult)\n           ^^^^^^^^^^^^^^^^^^^^^^^^^^^^^^^^^^^^^^^^^^^^^^^^^^^^^^^^^^^^^\n  File \"/home/runner/work/mysql-bundle/mysql-bundle/.tox/integration/lib/python3.12/site-packages/pluggy/_callers.py\", line 182, in _multicall\n    return outcome.get_result()\n           ^^^^^^^^^^^^^^^^^^^^\n  File \"/home/runner/work/mysql-bundle/mysql-bundle/.tox/integration/lib/python3.12/site-packages/pluggy/_result.py\", line 100, in get_result\n    raise exc.with_traceback(exc.__traceback__)\n  File \"/home/runner/work/mysql-bundle/mysql-bundle/.tox/integration/lib/python3.12/site-packages/pluggy/_callers.py\", line 103, in _multicall\n    res = hook_impl.function(*args)\n          ^^^^^^^^^^^^^^^^^^^^^^^^^\n  File \"/home/runner/work/mysql-bundle/mysql-bundle/.tox/integration/lib/python3.12/site-packages/_pytest/python.py\", line 159, in pytest_pyfunc_call\n    result = testfunction(**testargs)\n             ^^^^^^^^^^^^^^^^^^^^^^^^\n  File \"/home/runner/work/mysql-bundle/mysql-bundle/.tox/integration/lib/python3.12/site-packages/pytest_asyncio/plugin.py\", line 529, in inner\n    _loop.run_until_complete(task)\n  File \"/usr/lib/python3.12/asyncio/base_events.py\", line 687, in run_until_complete\n    return future.result()\n           ^^^^^^^^^^^^^^^\n  File \"/home/runner/work/mysql-bundle/mysql-bundle/tests/integration/test_smoke.py\", line 110, in test_smoke\n    assert \"mysql-database\" in databases\nAssertionError: assert 'mysql-database' in ['information_schema', 'mysql', 'performance_schema', 'sys']","steps":[],"attachments":[{"uid":"e87441f186050a35","name":"log","source":"e87441f186050a35.txt","type":"text/plain","size":31739}],"parameters":[],"shouldDisplayMessage":true,"stepsCount":0,"attachmentsCount":1,"hasContent":true,"attachmentStep":false},"afterStages":[{"name":"abort_on_fail::0","time":{"start":1743471418816,"stop":1743471418816,"duration":0},"status":"passed","steps":[],"attachments":[],"parameters":[],"shouldDisplayMessage":false,"stepsCount":0,"attachmentsCount":0,"hasContent":false,"attachmentStep":false},{"name":"ops_test::finalizer","time":{"start":1743471418817,"stop":1743471420143,"duration":1326},"status":"passed","steps":[],"attachments":[],"parameters":[],"shouldDisplayMessage":false,"stepsCount":0,"attachmentsCount":0,"hasContent":false,"attachmentStep":false},{"name":"event_loop::2","time":{"start":1743471420150,"stop":1743471420150,"duration":0},"status":"passed","steps":[],"attachments":[],"parameters":[],"shouldDisplayMessage":false,"stepsCount":0,"attachmentsCount":0,"hasContent":false,"attachmentStep":false},{"name":"event_loop::_close_event_loop","time":{"start":1743471420151,"stop":1743471420151,"duration":0},"status":"passed","steps":[],"attachments":[],"parameters":[],"shouldDisplayMessage":false,"stepsCount":0,"attachmentsCount":0,"hasContent":false,"attachmentStep":false},{"name":"event_loop::_provide_clean_event_loop","time":{"start":1743471420151,"stop":1743471420151,"duration":0},"status":"passed","steps":[],"attachments":[],"parameters":[],"shouldDisplayMessage":false,"stepsCount":0,"attachmentsCount":0,"hasContent":false,"attachmentStep":false}],"labels":[{"name":"tag","value":"group(1)"},{"name":"tag","value":"abort_on_fail"},{"name":"tag","value":"asyncio"},{"name":"parentSuite","value":"tests.integration"},{"name":"suite","value":"test_smoke"},{"name":"host","value":"fv-az1065-191"},{"name":"thread","value":"20436-MainThread"},{"name":"framework","value":"pytest"},{"name":"language","value":"cpython3"},{"name":"package","value":"tests.integration.test_smoke"},{"name":"resultFormat","value":"allure2"}],"parameters":[],"links":[],"hidden":false,"retry":false,"extra":{"severity":"normal","retries":[{"uid":"47df5168f4b55ba4","status":"unknown","time":{}}],"categories":[{"name":"Product defects","matchedStatuses":[]}],"history":{"statistic":{"failed":33,"broken":10,"skipped":0,"passed":185,"unknown":10,"total":238},"items":[{"uid":"ccc9b8566c581367","reportUrl":"../1642//#testresult/ccc9b8566c581367","status":"broken","statusDetails":"TimeoutError","time":{"start":1743384186334,"stop":1743385401428,"duration":1215094}},{"uid":"12e6f9ecb1b3bbc6","reportUrl":"../1640//#testresult/12e6f9ecb1b3bbc6","status":"passed","time":{"start":1743297833876,"stop":1743298683680,"duration":849804}},{"uid":"131383971367494c","reportUrl":"../1638//#testresult/131383971367494c","status":"passed","time":{"start":1743211433693,"stop":1743212396876,"duration":963183}},{"uid":"64029e354f043534","reportUrl":"../1636//#testresult/64029e354f043534","status":"passed","time":{"start":1743124967403,"stop":1743125874748,"duration":907345}},{"uid":"b77056f943af041a","reportUrl":"../1634//#testresult/b77056f943af041a","status":"failed","statusDetails":"AssertionError: assert 'mysql-database' in ['information_schema', 'mysql', 'performance_schema', 'sys']","time":{"start":1743038616151,"stop":1743039435462,"duration":819311}},{"uid":"3e797fd0e434933c","reportUrl":"../1632//#testresult/3e797fd0e434933c","status":"failed","statusDetails":"AssertionError: assert 'mysql-database' in ['information_schema', 'mysql', 'performance_schema', 'sys']","time":{"start":1742952210890,"stop":1742953100032,"duration":889142}},{"uid":"82d2633416917c0d","reportUrl":"../1628//#testresult/82d2633416917c0d","status":"failed","statusDetails":"AssertionError: assert 'mysql-database' in ['information_schema', 'mysql', 'performance_schema', 'sys']","time":{"start":1742865771821,"stop":1742866688899,"duration":917078}},{"uid":"8bc85eb87fd40475","reportUrl":"../1626//#testresult/8bc85eb87fd40475","status":"failed","statusDetails":"AssertionError: assert 'mysql-database' in ['information_schema', 'mysql', 'performance_schema', 'sys']","time":{"start":1742779404419,"stop":1742780331864,"duration":927445}},{"uid":"30903c469425264f","reportUrl":"../1624//#testresult/30903c469425264f","status":"failed","statusDetails":"AssertionError: assert 'mysql-database' in ['information_schema', 'mysql', 'performance_schema', 'sys']","time":{"start":1742693007773,"stop":1742693812662,"duration":804889}},{"uid":"ebcdd7246d3ef5e9","reportUrl":"../1622//#testresult/ebcdd7246d3ef5e9","status":"failed","statusDetails":"AssertionError: assert 'mysql-database' in ['information_schema', 'mysql', 'performance_schema', 'sys']","time":{"start":1742606588042,"stop":1742607377199,"duration":789157}},{"uid":"f0577ab6ed0d866","reportUrl":"../1620//#testresult/f0577ab6ed0d866","status":"passed","time":{"start":1742520180953,"stop":1742521102976,"duration":922023}},{"uid":"d685bf9ac387ae04","reportUrl":"../1618//#testresult/d685bf9ac387ae04","status":"passed","time":{"start":1742433786066,"stop":1742434722041,"duration":935975}},{"uid":"f185dec679daf76c","reportUrl":"../1616//#testresult/f185dec679daf76c","status":"passed","time":{"start":1742347377502,"stop":1742348278857,"duration":901355}},{"uid":"ef94a9198d1d4afb","reportUrl":"../1611//#testresult/ef94a9198d1d4afb","status":"passed","time":{"start":1742261010160,"stop":1742261934020,"duration":923860}},{"uid":"a1240e4e81b8b34f","reportUrl":"../1609//#testresult/a1240e4e81b8b34f","status":"passed","time":{"start":1742001766990,"stop":1742002635329,"duration":868339}},{"uid":"8db11926471ac32b","reportUrl":"../1607//#testresult/8db11926471ac32b","status":"passed","time":{"start":1741915373347,"stop":1741916277412,"duration":904065}},{"uid":"2688813136dcd91a","reportUrl":"../1605//#testresult/2688813136dcd91a","status":"passed","time":{"start":1741828987201,"stop":1741829910744,"duration":923543}},{"uid":"76c96fb62ca9820b","reportUrl":"../1603//#testresult/76c96fb62ca9820b","status":"passed","time":{"start":1741742598637,"stop":1741743507108,"duration":908471}},{"uid":"f7567c2fa06ede1a","reportUrl":"../1598//#testresult/f7567c2fa06ede1a","status":"passed","time":{"start":1741656234672,"stop":1741657323602,"duration":1088930}},{"uid":"1bd8676be605dae","reportUrl":"../1596//#testresult/1bd8676be605dae","status":"passed","time":{"start":1741569721592,"stop":1741570675475,"duration":953883}}]},"tags":["asyncio","abort_on_fail","group(1)"]},"source":"dcf899377788dbf7.json","parameterValues":[]}