{"uid":"497cf28dc8541177","name":"test_smoke","fullName":"tests.integration.test_smoke#test_smoke","historyId":"78ffebf457376473b3476ee0f7a454c9","time":{"start":1744161828502,"stop":1744162718368,"duration":889866},"description":"Deploy bundle with app and release as a product.","descriptionHtml":"<p>Deploy bundle with app and release as a product.</p>\n","status":"failed","statusMessage":"AssertionError: assert 'mysql-database' in ['information_schema', 'mysql', 'performance_schema', 'sys']","statusTrace":"Traceback (most recent call last):\n  File \"/home/runner/work/mysql-bundle/mysql-bundle/.tox/integration/lib/python3.12/site-packages/_pytest/runner.py\", line 341, in from_call\n    result: TResult | None = func()\n                             ^^^^^^\n  File \"/home/runner/work/mysql-bundle/mysql-bundle/.tox/integration/lib/python3.12/site-packages/_pytest/runner.py\", line 242, in <lambda>\n    lambda: runtest_hook(item=item, **kwds), when=when, reraise=reraise\n            ^^^^^^^^^^^^^^^^^^^^^^^^^^^^^^^\n  File \"/home/runner/work/mysql-bundle/mysql-bundle/.tox/integration/lib/python3.12/site-packages/pluggy/_hooks.py\", line 513, in __call__\n    return self._hookexec(self.name, self._hookimpls.copy(), kwargs, firstresult)\n           ^^^^^^^^^^^^^^^^^^^^^^^^^^^^^^^^^^^^^^^^^^^^^^^^^^^^^^^^^^^^^^^^^^^^^^\n  File \"/home/runner/work/mysql-bundle/mysql-bundle/.tox/integration/lib/python3.12/site-packages/pluggy/_manager.py\", line 120, in _hookexec\n    return self._inner_hookexec(hook_name, methods, kwargs, firstresult)\n           ^^^^^^^^^^^^^^^^^^^^^^^^^^^^^^^^^^^^^^^^^^^^^^^^^^^^^^^^^^^^^\n  File \"/home/runner/work/mysql-bundle/mysql-bundle/.tox/integration/lib/python3.12/site-packages/pluggy/_callers.py\", line 182, in _multicall\n    return outcome.get_result()\n           ^^^^^^^^^^^^^^^^^^^^\n  File \"/home/runner/work/mysql-bundle/mysql-bundle/.tox/integration/lib/python3.12/site-packages/pluggy/_result.py\", line 100, in get_result\n    raise exc.with_traceback(exc.__traceback__)\n  File \"/home/runner/work/mysql-bundle/mysql-bundle/.tox/integration/lib/python3.12/site-packages/pluggy/_callers.py\", line 167, in _multicall\n    teardown.throw(outcome._exception)\n  File \"/home/runner/work/mysql-bundle/mysql-bundle/.tox/integration/lib/python3.12/site-packages/_pytest/threadexception.py\", line 92, in pytest_runtest_call\n    yield from thread_exception_runtest_hook()\n  File \"/home/runner/work/mysql-bundle/mysql-bundle/.tox/integration/lib/python3.12/site-packages/_pytest/threadexception.py\", line 68, in thread_exception_runtest_hook\n    yield\n  File \"/home/runner/work/mysql-bundle/mysql-bundle/.tox/integration/lib/python3.12/site-packages/pluggy/_callers.py\", line 167, in _multicall\n    teardown.throw(outcome._exception)\n  File \"/home/runner/work/mysql-bundle/mysql-bundle/.tox/integration/lib/python3.12/site-packages/_pytest/unraisableexception.py\", line 95, in pytest_runtest_call\n    yield from unraisable_exception_runtest_hook()\n  File \"/home/runner/work/mysql-bundle/mysql-bundle/.tox/integration/lib/python3.12/site-packages/_pytest/unraisableexception.py\", line 70, in unraisable_exception_runtest_hook\n    yield\n  File \"/home/runner/work/mysql-bundle/mysql-bundle/.tox/integration/lib/python3.12/site-packages/pluggy/_callers.py\", line 167, in _multicall\n    teardown.throw(outcome._exception)\n  File \"/home/runner/work/mysql-bundle/mysql-bundle/.tox/integration/lib/python3.12/site-packages/_pytest/logging.py\", line 846, in pytest_runtest_call\n    yield from self._runtest_for(item, \"call\")\n  File \"/home/runner/work/mysql-bundle/mysql-bundle/.tox/integration/lib/python3.12/site-packages/_pytest/logging.py\", line 829, in _runtest_for\n    yield\n  File \"/home/runner/work/mysql-bundle/mysql-bundle/.tox/integration/lib/python3.12/site-packages/pluggy/_callers.py\", line 167, in _multicall\n    teardown.throw(outcome._exception)\n  File \"/home/runner/work/mysql-bundle/mysql-bundle/.tox/integration/lib/python3.12/site-packages/_pytest/capture.py\", line 880, in pytest_runtest_call\n    return (yield)\n            ^^^^^\n  File \"/home/runner/work/mysql-bundle/mysql-bundle/.tox/integration/lib/python3.12/site-packages/pluggy/_callers.py\", line 167, in _multicall\n    teardown.throw(outcome._exception)\n  File \"/home/runner/work/mysql-bundle/mysql-bundle/.tox/integration/lib/python3.12/site-packages/_pytest/skipping.py\", line 257, in pytest_runtest_call\n    return (yield)\n            ^^^^^\n  File \"/home/runner/work/mysql-bundle/mysql-bundle/.tox/integration/lib/python3.12/site-packages/pluggy/_callers.py\", line 103, in _multicall\n    res = hook_impl.function(*args)\n          ^^^^^^^^^^^^^^^^^^^^^^^^^\n  File \"/home/runner/work/mysql-bundle/mysql-bundle/.tox/integration/lib/python3.12/site-packages/_pytest/runner.py\", line 174, in pytest_runtest_call\n    item.runtest()\n  File \"/home/runner/work/mysql-bundle/mysql-bundle/.tox/integration/lib/python3.12/site-packages/_pytest/python.py\", line 1627, in runtest\n    self.ihook.pytest_pyfunc_call(pyfuncitem=self)\n  File \"/home/runner/work/mysql-bundle/mysql-bundle/.tox/integration/lib/python3.12/site-packages/pluggy/_hooks.py\", line 513, in __call__\n    return self._hookexec(self.name, self._hookimpls.copy(), kwargs, firstresult)\n           ^^^^^^^^^^^^^^^^^^^^^^^^^^^^^^^^^^^^^^^^^^^^^^^^^^^^^^^^^^^^^^^^^^^^^^\n  File \"/home/runner/work/mysql-bundle/mysql-bundle/.tox/integration/lib/python3.12/site-packages/pluggy/_manager.py\", line 120, in _hookexec\n    return self._inner_hookexec(hook_name, methods, kwargs, firstresult)\n           ^^^^^^^^^^^^^^^^^^^^^^^^^^^^^^^^^^^^^^^^^^^^^^^^^^^^^^^^^^^^^\n  File \"/home/runner/work/mysql-bundle/mysql-bundle/.tox/integration/lib/python3.12/site-packages/pluggy/_callers.py\", line 182, in _multicall\n    return outcome.get_result()\n           ^^^^^^^^^^^^^^^^^^^^\n  File \"/home/runner/work/mysql-bundle/mysql-bundle/.tox/integration/lib/python3.12/site-packages/pluggy/_result.py\", line 100, in get_result\n    raise exc.with_traceback(exc.__traceback__)\n  File \"/home/runner/work/mysql-bundle/mysql-bundle/.tox/integration/lib/python3.12/site-packages/pluggy/_callers.py\", line 103, in _multicall\n    res = hook_impl.function(*args)\n          ^^^^^^^^^^^^^^^^^^^^^^^^^\n  File \"/home/runner/work/mysql-bundle/mysql-bundle/.tox/integration/lib/python3.12/site-packages/_pytest/python.py\", line 159, in pytest_pyfunc_call\n    result = testfunction(**testargs)\n             ^^^^^^^^^^^^^^^^^^^^^^^^\n  File \"/home/runner/work/mysql-bundle/mysql-bundle/.tox/integration/lib/python3.12/site-packages/pytest_asyncio/plugin.py\", line 529, in inner\n    _loop.run_until_complete(task)\n  File \"/usr/lib/python3.12/asyncio/base_events.py\", line 687, in run_until_complete\n    return future.result()\n           ^^^^^^^^^^^^^^^\n  File \"/home/runner/work/mysql-bundle/mysql-bundle/tests/integration/test_smoke.py\", line 110, in test_smoke\n    assert \"mysql-database\" in databases\nAssertionError: assert 'mysql-database' in ['information_schema', 'mysql', 'performance_schema', 'sys']","flaky":true,"newFailed":true,"newBroken":false,"newPassed":false,"retriesCount":1,"retriesStatusChange":true,"beforeStages":[{"name":"event_loop","time":{"start":1744161828348,"stop":1744161828349,"duration":1},"status":"passed","steps":[],"attachments":[],"parameters":[],"shouldDisplayMessage":false,"stepsCount":0,"attachmentsCount":0,"hasContent":false,"attachmentStep":false},{"name":"ops_test","time":{"start":1744161828349,"stop":1744161828501,"duration":152},"status":"passed","steps":[],"attachments":[],"parameters":[],"shouldDisplayMessage":false,"stepsCount":0,"attachmentsCount":0,"hasContent":false,"attachmentStep":false},{"name":"tmp_path_factory","time":{"start":1744161828349,"stop":1744161828349,"duration":0},"status":"passed","steps":[],"attachments":[],"parameters":[],"shouldDisplayMessage":false,"stepsCount":0,"attachmentsCount":0,"hasContent":false,"attachmentStep":false},{"name":"abort_on_fail","time":{"start":1744161828501,"stop":1744161828501,"duration":0},"status":"passed","steps":[],"attachments":[],"parameters":[],"shouldDisplayMessage":false,"stepsCount":0,"attachmentsCount":0,"hasContent":false,"attachmentStep":false}],"testStage":{"description":"Deploy bundle with app and release as a product.","status":"failed","statusMessage":"AssertionError: assert 'mysql-database' in ['information_schema', 'mysql', 'performance_schema', 'sys']","statusTrace":"Traceback (most recent call last):\n  File \"/home/runner/work/mysql-bundle/mysql-bundle/.tox/integration/lib/python3.12/site-packages/_pytest/runner.py\", line 341, in from_call\n    result: TResult | None = func()\n                             ^^^^^^\n  File \"/home/runner/work/mysql-bundle/mysql-bundle/.tox/integration/lib/python3.12/site-packages/_pytest/runner.py\", line 242, in <lambda>\n    lambda: runtest_hook(item=item, **kwds), when=when, reraise=reraise\n            ^^^^^^^^^^^^^^^^^^^^^^^^^^^^^^^\n  File \"/home/runner/work/mysql-bundle/mysql-bundle/.tox/integration/lib/python3.12/site-packages/pluggy/_hooks.py\", line 513, in __call__\n    return self._hookexec(self.name, self._hookimpls.copy(), kwargs, firstresult)\n           ^^^^^^^^^^^^^^^^^^^^^^^^^^^^^^^^^^^^^^^^^^^^^^^^^^^^^^^^^^^^^^^^^^^^^^\n  File \"/home/runner/work/mysql-bundle/mysql-bundle/.tox/integration/lib/python3.12/site-packages/pluggy/_manager.py\", line 120, in _hookexec\n    return self._inner_hookexec(hook_name, methods, kwargs, firstresult)\n           ^^^^^^^^^^^^^^^^^^^^^^^^^^^^^^^^^^^^^^^^^^^^^^^^^^^^^^^^^^^^^\n  File \"/home/runner/work/mysql-bundle/mysql-bundle/.tox/integration/lib/python3.12/site-packages/pluggy/_callers.py\", line 182, in _multicall\n    return outcome.get_result()\n           ^^^^^^^^^^^^^^^^^^^^\n  File \"/home/runner/work/mysql-bundle/mysql-bundle/.tox/integration/lib/python3.12/site-packages/pluggy/_result.py\", line 100, in get_result\n    raise exc.with_traceback(exc.__traceback__)\n  File \"/home/runner/work/mysql-bundle/mysql-bundle/.tox/integration/lib/python3.12/site-packages/pluggy/_callers.py\", line 167, in _multicall\n    teardown.throw(outcome._exception)\n  File \"/home/runner/work/mysql-bundle/mysql-bundle/.tox/integration/lib/python3.12/site-packages/_pytest/threadexception.py\", line 92, in pytest_runtest_call\n    yield from thread_exception_runtest_hook()\n  File \"/home/runner/work/mysql-bundle/mysql-bundle/.tox/integration/lib/python3.12/site-packages/_pytest/threadexception.py\", line 68, in thread_exception_runtest_hook\n    yield\n  File \"/home/runner/work/mysql-bundle/mysql-bundle/.tox/integration/lib/python3.12/site-packages/pluggy/_callers.py\", line 167, in _multicall\n    teardown.throw(outcome._exception)\n  File \"/home/runner/work/mysql-bundle/mysql-bundle/.tox/integration/lib/python3.12/site-packages/_pytest/unraisableexception.py\", line 95, in pytest_runtest_call\n    yield from unraisable_exception_runtest_hook()\n  File \"/home/runner/work/mysql-bundle/mysql-bundle/.tox/integration/lib/python3.12/site-packages/_pytest/unraisableexception.py\", line 70, in unraisable_exception_runtest_hook\n    yield\n  File \"/home/runner/work/mysql-bundle/mysql-bundle/.tox/integration/lib/python3.12/site-packages/pluggy/_callers.py\", line 167, in _multicall\n    teardown.throw(outcome._exception)\n  File \"/home/runner/work/mysql-bundle/mysql-bundle/.tox/integration/lib/python3.12/site-packages/_pytest/logging.py\", line 846, in pytest_runtest_call\n    yield from self._runtest_for(item, \"call\")\n  File \"/home/runner/work/mysql-bundle/mysql-bundle/.tox/integration/lib/python3.12/site-packages/_pytest/logging.py\", line 829, in _runtest_for\n    yield\n  File \"/home/runner/work/mysql-bundle/mysql-bundle/.tox/integration/lib/python3.12/site-packages/pluggy/_callers.py\", line 167, in _multicall\n    teardown.throw(outcome._exception)\n  File \"/home/runner/work/mysql-bundle/mysql-bundle/.tox/integration/lib/python3.12/site-packages/_pytest/capture.py\", line 880, in pytest_runtest_call\n    return (yield)\n            ^^^^^\n  File \"/home/runner/work/mysql-bundle/mysql-bundle/.tox/integration/lib/python3.12/site-packages/pluggy/_callers.py\", line 167, in _multicall\n    teardown.throw(outcome._exception)\n  File \"/home/runner/work/mysql-bundle/mysql-bundle/.tox/integration/lib/python3.12/site-packages/_pytest/skipping.py\", line 257, in pytest_runtest_call\n    return (yield)\n            ^^^^^\n  File \"/home/runner/work/mysql-bundle/mysql-bundle/.tox/integration/lib/python3.12/site-packages/pluggy/_callers.py\", line 103, in _multicall\n    res = hook_impl.function(*args)\n          ^^^^^^^^^^^^^^^^^^^^^^^^^\n  File \"/home/runner/work/mysql-bundle/mysql-bundle/.tox/integration/lib/python3.12/site-packages/_pytest/runner.py\", line 174, in pytest_runtest_call\n    item.runtest()\n  File \"/home/runner/work/mysql-bundle/mysql-bundle/.tox/integration/lib/python3.12/site-packages/_pytest/python.py\", line 1627, in runtest\n    self.ihook.pytest_pyfunc_call(pyfuncitem=self)\n  File \"/home/runner/work/mysql-bundle/mysql-bundle/.tox/integration/lib/python3.12/site-packages/pluggy/_hooks.py\", line 513, in __call__\n    return self._hookexec(self.name, self._hookimpls.copy(), kwargs, firstresult)\n           ^^^^^^^^^^^^^^^^^^^^^^^^^^^^^^^^^^^^^^^^^^^^^^^^^^^^^^^^^^^^^^^^^^^^^^\n  File \"/home/runner/work/mysql-bundle/mysql-bundle/.tox/integration/lib/python3.12/site-packages/pluggy/_manager.py\", line 120, in _hookexec\n    return self._inner_hookexec(hook_name, methods, kwargs, firstresult)\n           ^^^^^^^^^^^^^^^^^^^^^^^^^^^^^^^^^^^^^^^^^^^^^^^^^^^^^^^^^^^^^\n  File \"/home/runner/work/mysql-bundle/mysql-bundle/.tox/integration/lib/python3.12/site-packages/pluggy/_callers.py\", line 182, in _multicall\n    return outcome.get_result()\n           ^^^^^^^^^^^^^^^^^^^^\n  File \"/home/runner/work/mysql-bundle/mysql-bundle/.tox/integration/lib/python3.12/site-packages/pluggy/_result.py\", line 100, in get_result\n    raise exc.with_traceback(exc.__traceback__)\n  File \"/home/runner/work/mysql-bundle/mysql-bundle/.tox/integration/lib/python3.12/site-packages/pluggy/_callers.py\", line 103, in _multicall\n    res = hook_impl.function(*args)\n          ^^^^^^^^^^^^^^^^^^^^^^^^^\n  File \"/home/runner/work/mysql-bundle/mysql-bundle/.tox/integration/lib/python3.12/site-packages/_pytest/python.py\", line 159, in pytest_pyfunc_call\n    result = testfunction(**testargs)\n             ^^^^^^^^^^^^^^^^^^^^^^^^\n  File \"/home/runner/work/mysql-bundle/mysql-bundle/.tox/integration/lib/python3.12/site-packages/pytest_asyncio/plugin.py\", line 529, in inner\n    _loop.run_until_complete(task)\n  File \"/usr/lib/python3.12/asyncio/base_events.py\", line 687, in run_until_complete\n    return future.result()\n           ^^^^^^^^^^^^^^^\n  File \"/home/runner/work/mysql-bundle/mysql-bundle/tests/integration/test_smoke.py\", line 110, in test_smoke\n    assert \"mysql-database\" in databases\nAssertionError: assert 'mysql-database' in ['information_schema', 'mysql', 'performance_schema', 'sys']","steps":[],"attachments":[{"uid":"160e447caff55fbe","name":"log","source":"160e447caff55fbe.txt","type":"text/plain","size":31828}],"parameters":[],"shouldDisplayMessage":true,"stepsCount":0,"attachmentsCount":1,"hasContent":true,"attachmentStep":false},"afterStages":[{"name":"abort_on_fail::0","time":{"start":1744162718427,"stop":1744162718428,"duration":1},"status":"passed","steps":[],"attachments":[],"parameters":[],"shouldDisplayMessage":false,"stepsCount":0,"attachmentsCount":0,"hasContent":false,"attachmentStep":false},{"name":"ops_test::finalizer","time":{"start":1744162718428,"stop":1744162720530,"duration":2102},"status":"passed","steps":[],"attachments":[],"parameters":[],"shouldDisplayMessage":false,"stepsCount":0,"attachmentsCount":0,"hasContent":false,"attachmentStep":false},{"name":"event_loop::2","time":{"start":1744162720530,"stop":1744162720530,"duration":0},"status":"passed","steps":[],"attachments":[],"parameters":[],"shouldDisplayMessage":false,"stepsCount":0,"attachmentsCount":0,"hasContent":false,"attachmentStep":false},{"name":"event_loop::_close_event_loop","time":{"start":1744162720531,"stop":1744162720531,"duration":0},"status":"passed","steps":[],"attachments":[],"parameters":[],"shouldDisplayMessage":false,"stepsCount":0,"attachmentsCount":0,"hasContent":false,"attachmentStep":false},{"name":"event_loop::_provide_clean_event_loop","time":{"start":1744162720531,"stop":1744162720531,"duration":0},"status":"passed","steps":[],"attachments":[],"parameters":[],"shouldDisplayMessage":false,"stepsCount":0,"attachmentsCount":0,"hasContent":false,"attachmentStep":false}],"labels":[{"name":"tag","value":"group(1)"},{"name":"tag","value":"abort_on_fail"},{"name":"tag","value":"asyncio"},{"name":"parentSuite","value":"tests.integration"},{"name":"suite","value":"test_smoke"},{"name":"host","value":"fv-az797-768"},{"name":"thread","value":"21118-MainThread"},{"name":"framework","value":"pytest"},{"name":"language","value":"cpython3"},{"name":"package","value":"tests.integration.test_smoke"},{"name":"resultFormat","value":"allure2"}],"parameters":[],"links":[],"hidden":false,"retry":false,"extra":{"severity":"normal","retries":[{"uid":"98155000834fa9a9","status":"unknown","time":{}}],"categories":[{"name":"Product defects","matchedStatuses":[]}],"history":{"statistic":{"failed":35,"broken":10,"skipped":0,"passed":191,"unknown":10,"total":246},"items":[{"uid":"96769b08f6093b80","reportUrl":"../1660//#testresult/96769b08f6093b80","status":"passed","time":{"start":1744075399113,"stop":1744076440121,"duration":1041008}},{"uid":"f54797a86491b2ea","reportUrl":"../1658//#testresult/f54797a86491b2ea","status":"passed","time":{"start":1743989034619,"stop":1743990119997,"duration":1085378}},{"uid":"e8178de4e74817d4","reportUrl":"../1656//#testresult/e8178de4e74817d4","status":"passed","time":{"start":1743902633322,"stop":1743903542311,"duration":908989}},{"uid":"43969386e029b0bb","reportUrl":"../1654//#testresult/43969386e029b0bb","status":"passed","time":{"start":1743816214775,"stop":1743817273188,"duration":1058413}},{"uid":"ba0989cd45248b0f","reportUrl":"../1652//#testresult/ba0989cd45248b0f","status":"failed","statusDetails":"AssertionError: assert 'mysql-database' in ['information_schema', 'mysql', 'performance_schema', 'sys']","time":{"start":1743729820662,"stop":1743730716160,"duration":895498}},{"uid":"a68402134ffa5b0b","reportUrl":"../1650//#testresult/a68402134ffa5b0b","status":"passed","time":{"start":1743643397424,"stop":1743644345241,"duration":947817}},{"uid":"98cb1d8da82496c9","reportUrl":"../1648//#testresult/98cb1d8da82496c9","status":"passed","time":{"start":1743556989424,"stop":1743558064705,"duration":1075281}},{"uid":"dcf899377788dbf7","reportUrl":"../1644//#testresult/dcf899377788dbf7","status":"failed","statusDetails":"AssertionError: assert 'mysql-database' in ['information_schema', 'mysql', 'performance_schema', 'sys']","time":{"start":1743470618370,"stop":1743471418737,"duration":800367}},{"uid":"ccc9b8566c581367","reportUrl":"../1642//#testresult/ccc9b8566c581367","status":"broken","statusDetails":"TimeoutError","time":{"start":1743384186334,"stop":1743385401428,"duration":1215094}},{"uid":"12e6f9ecb1b3bbc6","reportUrl":"../1640//#testresult/12e6f9ecb1b3bbc6","status":"passed","time":{"start":1743297833876,"stop":1743298683680,"duration":849804}},{"uid":"131383971367494c","reportUrl":"../1638//#testresult/131383971367494c","status":"passed","time":{"start":1743211433693,"stop":1743212396876,"duration":963183}},{"uid":"64029e354f043534","reportUrl":"../1636//#testresult/64029e354f043534","status":"passed","time":{"start":1743124967403,"stop":1743125874748,"duration":907345}},{"uid":"b77056f943af041a","reportUrl":"../1634//#testresult/b77056f943af041a","status":"failed","statusDetails":"AssertionError: assert 'mysql-database' in ['information_schema', 'mysql', 'performance_schema', 'sys']","time":{"start":1743038616151,"stop":1743039435462,"duration":819311}},{"uid":"3e797fd0e434933c","reportUrl":"../1632//#testresult/3e797fd0e434933c","status":"failed","statusDetails":"AssertionError: assert 'mysql-database' in ['information_schema', 'mysql', 'performance_schema', 'sys']","time":{"start":1742952210890,"stop":1742953100032,"duration":889142}},{"uid":"82d2633416917c0d","reportUrl":"../1628//#testresult/82d2633416917c0d","status":"failed","statusDetails":"AssertionError: assert 'mysql-database' in ['information_schema', 'mysql', 'performance_schema', 'sys']","time":{"start":1742865771821,"stop":1742866688899,"duration":917078}},{"uid":"8bc85eb87fd40475","reportUrl":"../1626//#testresult/8bc85eb87fd40475","status":"failed","statusDetails":"AssertionError: assert 'mysql-database' in ['information_schema', 'mysql', 'performance_schema', 'sys']","time":{"start":1742779404419,"stop":1742780331864,"duration":927445}},{"uid":"30903c469425264f","reportUrl":"../1624//#testresult/30903c469425264f","status":"failed","statusDetails":"AssertionError: assert 'mysql-database' in ['information_schema', 'mysql', 'performance_schema', 'sys']","time":{"start":1742693007773,"stop":1742693812662,"duration":804889}},{"uid":"ebcdd7246d3ef5e9","reportUrl":"../1622//#testresult/ebcdd7246d3ef5e9","status":"failed","statusDetails":"AssertionError: assert 'mysql-database' in ['information_schema', 'mysql', 'performance_schema', 'sys']","time":{"start":1742606588042,"stop":1742607377199,"duration":789157}},{"uid":"f0577ab6ed0d866","reportUrl":"../1620//#testresult/f0577ab6ed0d866","status":"passed","time":{"start":1742520180953,"stop":1742521102976,"duration":922023}},{"uid":"d685bf9ac387ae04","reportUrl":"../1618//#testresult/d685bf9ac387ae04","status":"passed","time":{"start":1742433786066,"stop":1742434722041,"duration":935975}}]},"tags":["asyncio","abort_on_fail","group(1)"]},"source":"497cf28dc8541177.json","parameterValues":[]}