{"uid":"533c71d0d38b8fed","name":"test_smoke","fullName":"tests.integration.test_smoke#test_smoke","historyId":"78ffebf457376473b3476ee0f7a454c9","time":{"start":1749950641629,"stop":1749951560009,"duration":918380},"description":"Deploy bundle with app and release as a product.","descriptionHtml":"<p>Deploy bundle with app and release as a product.</p>\n","status":"failed","statusMessage":"AssertionError: assert 'mysql-database' in ['information_schema', 'mysql', 'performance_schema', 'sys']","statusTrace":"Traceback (most recent call last):\n  File \"/home/runner/work/mysql-bundle/mysql-bundle/.tox/integration/lib/python3.12/site-packages/_pytest/runner.py\", line 341, in from_call\n    result: TResult | None = func()\n                             ^^^^^^\n  File \"/home/runner/work/mysql-bundle/mysql-bundle/.tox/integration/lib/python3.12/site-packages/_pytest/runner.py\", line 242, in <lambda>\n    lambda: runtest_hook(item=item, **kwds), when=when, reraise=reraise\n            ^^^^^^^^^^^^^^^^^^^^^^^^^^^^^^^\n  File \"/home/runner/work/mysql-bundle/mysql-bundle/.tox/integration/lib/python3.12/site-packages/pluggy/_hooks.py\", line 513, in __call__\n    return self._hookexec(self.name, self._hookimpls.copy(), kwargs, firstresult)\n           ^^^^^^^^^^^^^^^^^^^^^^^^^^^^^^^^^^^^^^^^^^^^^^^^^^^^^^^^^^^^^^^^^^^^^^\n  File \"/home/runner/work/mysql-bundle/mysql-bundle/.tox/integration/lib/python3.12/site-packages/pluggy/_manager.py\", line 120, in _hookexec\n    return self._inner_hookexec(hook_name, methods, kwargs, firstresult)\n           ^^^^^^^^^^^^^^^^^^^^^^^^^^^^^^^^^^^^^^^^^^^^^^^^^^^^^^^^^^^^^\n  File \"/home/runner/work/mysql-bundle/mysql-bundle/.tox/integration/lib/python3.12/site-packages/pluggy/_callers.py\", line 182, in _multicall\n    return outcome.get_result()\n           ^^^^^^^^^^^^^^^^^^^^\n  File \"/home/runner/work/mysql-bundle/mysql-bundle/.tox/integration/lib/python3.12/site-packages/pluggy/_result.py\", line 100, in get_result\n    raise exc.with_traceback(exc.__traceback__)\n  File \"/home/runner/work/mysql-bundle/mysql-bundle/.tox/integration/lib/python3.12/site-packages/pluggy/_callers.py\", line 167, in _multicall\n    teardown.throw(outcome._exception)\n  File \"/home/runner/work/mysql-bundle/mysql-bundle/.tox/integration/lib/python3.12/site-packages/_pytest/threadexception.py\", line 92, in pytest_runtest_call\n    yield from thread_exception_runtest_hook()\n  File \"/home/runner/work/mysql-bundle/mysql-bundle/.tox/integration/lib/python3.12/site-packages/_pytest/threadexception.py\", line 68, in thread_exception_runtest_hook\n    yield\n  File \"/home/runner/work/mysql-bundle/mysql-bundle/.tox/integration/lib/python3.12/site-packages/pluggy/_callers.py\", line 167, in _multicall\n    teardown.throw(outcome._exception)\n  File \"/home/runner/work/mysql-bundle/mysql-bundle/.tox/integration/lib/python3.12/site-packages/_pytest/unraisableexception.py\", line 95, in pytest_runtest_call\n    yield from unraisable_exception_runtest_hook()\n  File \"/home/runner/work/mysql-bundle/mysql-bundle/.tox/integration/lib/python3.12/site-packages/_pytest/unraisableexception.py\", line 70, in unraisable_exception_runtest_hook\n    yield\n  File \"/home/runner/work/mysql-bundle/mysql-bundle/.tox/integration/lib/python3.12/site-packages/pluggy/_callers.py\", line 167, in _multicall\n    teardown.throw(outcome._exception)\n  File \"/home/runner/work/mysql-bundle/mysql-bundle/.tox/integration/lib/python3.12/site-packages/_pytest/logging.py\", line 846, in pytest_runtest_call\n    yield from self._runtest_for(item, \"call\")\n  File \"/home/runner/work/mysql-bundle/mysql-bundle/.tox/integration/lib/python3.12/site-packages/_pytest/logging.py\", line 829, in _runtest_for\n    yield\n  File \"/home/runner/work/mysql-bundle/mysql-bundle/.tox/integration/lib/python3.12/site-packages/pluggy/_callers.py\", line 167, in _multicall\n    teardown.throw(outcome._exception)\n  File \"/home/runner/work/mysql-bundle/mysql-bundle/.tox/integration/lib/python3.12/site-packages/_pytest/capture.py\", line 880, in pytest_runtest_call\n    return (yield)\n            ^^^^^\n  File \"/home/runner/work/mysql-bundle/mysql-bundle/.tox/integration/lib/python3.12/site-packages/pluggy/_callers.py\", line 167, in _multicall\n    teardown.throw(outcome._exception)\n  File \"/home/runner/work/mysql-bundle/mysql-bundle/.tox/integration/lib/python3.12/site-packages/_pytest/skipping.py\", line 257, in pytest_runtest_call\n    return (yield)\n            ^^^^^\n  File \"/home/runner/work/mysql-bundle/mysql-bundle/.tox/integration/lib/python3.12/site-packages/pluggy/_callers.py\", line 103, in _multicall\n    res = hook_impl.function(*args)\n          ^^^^^^^^^^^^^^^^^^^^^^^^^\n  File \"/home/runner/work/mysql-bundle/mysql-bundle/.tox/integration/lib/python3.12/site-packages/_pytest/runner.py\", line 174, in pytest_runtest_call\n    item.runtest()\n  File \"/home/runner/work/mysql-bundle/mysql-bundle/.tox/integration/lib/python3.12/site-packages/_pytest/python.py\", line 1627, in runtest\n    self.ihook.pytest_pyfunc_call(pyfuncitem=self)\n  File \"/home/runner/work/mysql-bundle/mysql-bundle/.tox/integration/lib/python3.12/site-packages/pluggy/_hooks.py\", line 513, in __call__\n    return self._hookexec(self.name, self._hookimpls.copy(), kwargs, firstresult)\n           ^^^^^^^^^^^^^^^^^^^^^^^^^^^^^^^^^^^^^^^^^^^^^^^^^^^^^^^^^^^^^^^^^^^^^^\n  File \"/home/runner/work/mysql-bundle/mysql-bundle/.tox/integration/lib/python3.12/site-packages/pluggy/_manager.py\", line 120, in _hookexec\n    return self._inner_hookexec(hook_name, methods, kwargs, firstresult)\n           ^^^^^^^^^^^^^^^^^^^^^^^^^^^^^^^^^^^^^^^^^^^^^^^^^^^^^^^^^^^^^\n  File \"/home/runner/work/mysql-bundle/mysql-bundle/.tox/integration/lib/python3.12/site-packages/pluggy/_callers.py\", line 182, in _multicall\n    return outcome.get_result()\n           ^^^^^^^^^^^^^^^^^^^^\n  File \"/home/runner/work/mysql-bundle/mysql-bundle/.tox/integration/lib/python3.12/site-packages/pluggy/_result.py\", line 100, in get_result\n    raise exc.with_traceback(exc.__traceback__)\n  File \"/home/runner/work/mysql-bundle/mysql-bundle/.tox/integration/lib/python3.12/site-packages/pluggy/_callers.py\", line 103, in _multicall\n    res = hook_impl.function(*args)\n          ^^^^^^^^^^^^^^^^^^^^^^^^^\n  File \"/home/runner/work/mysql-bundle/mysql-bundle/.tox/integration/lib/python3.12/site-packages/_pytest/python.py\", line 159, in pytest_pyfunc_call\n    result = testfunction(**testargs)\n             ^^^^^^^^^^^^^^^^^^^^^^^^\n  File \"/home/runner/work/mysql-bundle/mysql-bundle/.tox/integration/lib/python3.12/site-packages/pytest_asyncio/plugin.py\", line 529, in inner\n    _loop.run_until_complete(task)\n  File \"/usr/lib/python3.12/asyncio/base_events.py\", line 687, in run_until_complete\n    return future.result()\n           ^^^^^^^^^^^^^^^\n  File \"/home/runner/work/mysql-bundle/mysql-bundle/tests/integration/test_smoke.py\", line 110, in test_smoke\n    assert \"mysql-database\" in databases\nAssertionError: assert 'mysql-database' in ['information_schema', 'mysql', 'performance_schema', 'sys']","flaky":true,"newFailed":true,"newBroken":false,"newPassed":false,"retriesCount":1,"retriesStatusChange":true,"beforeStages":[{"name":"event_loop","time":{"start":1749950641460,"stop":1749950641460,"duration":0},"status":"passed","steps":[],"attachments":[],"parameters":[],"shouldDisplayMessage":false,"stepsCount":0,"attachmentsCount":0,"hasContent":false,"attachmentStep":false},{"name":"ops_test","time":{"start":1749950641461,"stop":1749950641628,"duration":167},"status":"passed","steps":[],"attachments":[],"parameters":[],"shouldDisplayMessage":false,"stepsCount":0,"attachmentsCount":0,"hasContent":false,"attachmentStep":false},{"name":"tmp_path_factory","time":{"start":1749950641461,"stop":1749950641461,"duration":0},"status":"passed","steps":[],"attachments":[],"parameters":[],"shouldDisplayMessage":false,"stepsCount":0,"attachmentsCount":0,"hasContent":false,"attachmentStep":false},{"name":"abort_on_fail","time":{"start":1749950641628,"stop":1749950641628,"duration":0},"status":"passed","steps":[],"attachments":[],"parameters":[],"shouldDisplayMessage":false,"stepsCount":0,"attachmentsCount":0,"hasContent":false,"attachmentStep":false}],"testStage":{"description":"Deploy bundle with app and release as a product.","status":"failed","statusMessage":"AssertionError: assert 'mysql-database' in ['information_schema', 'mysql', 'performance_schema', 'sys']","statusTrace":"Traceback (most recent call last):\n  File \"/home/runner/work/mysql-bundle/mysql-bundle/.tox/integration/lib/python3.12/site-packages/_pytest/runner.py\", line 341, in from_call\n    result: TResult | None = func()\n                             ^^^^^^\n  File \"/home/runner/work/mysql-bundle/mysql-bundle/.tox/integration/lib/python3.12/site-packages/_pytest/runner.py\", line 242, in <lambda>\n    lambda: runtest_hook(item=item, **kwds), when=when, reraise=reraise\n            ^^^^^^^^^^^^^^^^^^^^^^^^^^^^^^^\n  File \"/home/runner/work/mysql-bundle/mysql-bundle/.tox/integration/lib/python3.12/site-packages/pluggy/_hooks.py\", line 513, in __call__\n    return self._hookexec(self.name, self._hookimpls.copy(), kwargs, firstresult)\n           ^^^^^^^^^^^^^^^^^^^^^^^^^^^^^^^^^^^^^^^^^^^^^^^^^^^^^^^^^^^^^^^^^^^^^^\n  File \"/home/runner/work/mysql-bundle/mysql-bundle/.tox/integration/lib/python3.12/site-packages/pluggy/_manager.py\", line 120, in _hookexec\n    return self._inner_hookexec(hook_name, methods, kwargs, firstresult)\n           ^^^^^^^^^^^^^^^^^^^^^^^^^^^^^^^^^^^^^^^^^^^^^^^^^^^^^^^^^^^^^\n  File \"/home/runner/work/mysql-bundle/mysql-bundle/.tox/integration/lib/python3.12/site-packages/pluggy/_callers.py\", line 182, in _multicall\n    return outcome.get_result()\n           ^^^^^^^^^^^^^^^^^^^^\n  File \"/home/runner/work/mysql-bundle/mysql-bundle/.tox/integration/lib/python3.12/site-packages/pluggy/_result.py\", line 100, in get_result\n    raise exc.with_traceback(exc.__traceback__)\n  File \"/home/runner/work/mysql-bundle/mysql-bundle/.tox/integration/lib/python3.12/site-packages/pluggy/_callers.py\", line 167, in _multicall\n    teardown.throw(outcome._exception)\n  File \"/home/runner/work/mysql-bundle/mysql-bundle/.tox/integration/lib/python3.12/site-packages/_pytest/threadexception.py\", line 92, in pytest_runtest_call\n    yield from thread_exception_runtest_hook()\n  File \"/home/runner/work/mysql-bundle/mysql-bundle/.tox/integration/lib/python3.12/site-packages/_pytest/threadexception.py\", line 68, in thread_exception_runtest_hook\n    yield\n  File \"/home/runner/work/mysql-bundle/mysql-bundle/.tox/integration/lib/python3.12/site-packages/pluggy/_callers.py\", line 167, in _multicall\n    teardown.throw(outcome._exception)\n  File \"/home/runner/work/mysql-bundle/mysql-bundle/.tox/integration/lib/python3.12/site-packages/_pytest/unraisableexception.py\", line 95, in pytest_runtest_call\n    yield from unraisable_exception_runtest_hook()\n  File \"/home/runner/work/mysql-bundle/mysql-bundle/.tox/integration/lib/python3.12/site-packages/_pytest/unraisableexception.py\", line 70, in unraisable_exception_runtest_hook\n    yield\n  File \"/home/runner/work/mysql-bundle/mysql-bundle/.tox/integration/lib/python3.12/site-packages/pluggy/_callers.py\", line 167, in _multicall\n    teardown.throw(outcome._exception)\n  File \"/home/runner/work/mysql-bundle/mysql-bundle/.tox/integration/lib/python3.12/site-packages/_pytest/logging.py\", line 846, in pytest_runtest_call\n    yield from self._runtest_for(item, \"call\")\n  File \"/home/runner/work/mysql-bundle/mysql-bundle/.tox/integration/lib/python3.12/site-packages/_pytest/logging.py\", line 829, in _runtest_for\n    yield\n  File \"/home/runner/work/mysql-bundle/mysql-bundle/.tox/integration/lib/python3.12/site-packages/pluggy/_callers.py\", line 167, in _multicall\n    teardown.throw(outcome._exception)\n  File \"/home/runner/work/mysql-bundle/mysql-bundle/.tox/integration/lib/python3.12/site-packages/_pytest/capture.py\", line 880, in pytest_runtest_call\n    return (yield)\n            ^^^^^\n  File \"/home/runner/work/mysql-bundle/mysql-bundle/.tox/integration/lib/python3.12/site-packages/pluggy/_callers.py\", line 167, in _multicall\n    teardown.throw(outcome._exception)\n  File \"/home/runner/work/mysql-bundle/mysql-bundle/.tox/integration/lib/python3.12/site-packages/_pytest/skipping.py\", line 257, in pytest_runtest_call\n    return (yield)\n            ^^^^^\n  File \"/home/runner/work/mysql-bundle/mysql-bundle/.tox/integration/lib/python3.12/site-packages/pluggy/_callers.py\", line 103, in _multicall\n    res = hook_impl.function(*args)\n          ^^^^^^^^^^^^^^^^^^^^^^^^^\n  File \"/home/runner/work/mysql-bundle/mysql-bundle/.tox/integration/lib/python3.12/site-packages/_pytest/runner.py\", line 174, in pytest_runtest_call\n    item.runtest()\n  File \"/home/runner/work/mysql-bundle/mysql-bundle/.tox/integration/lib/python3.12/site-packages/_pytest/python.py\", line 1627, in runtest\n    self.ihook.pytest_pyfunc_call(pyfuncitem=self)\n  File \"/home/runner/work/mysql-bundle/mysql-bundle/.tox/integration/lib/python3.12/site-packages/pluggy/_hooks.py\", line 513, in __call__\n    return self._hookexec(self.name, self._hookimpls.copy(), kwargs, firstresult)\n           ^^^^^^^^^^^^^^^^^^^^^^^^^^^^^^^^^^^^^^^^^^^^^^^^^^^^^^^^^^^^^^^^^^^^^^\n  File \"/home/runner/work/mysql-bundle/mysql-bundle/.tox/integration/lib/python3.12/site-packages/pluggy/_manager.py\", line 120, in _hookexec\n    return self._inner_hookexec(hook_name, methods, kwargs, firstresult)\n           ^^^^^^^^^^^^^^^^^^^^^^^^^^^^^^^^^^^^^^^^^^^^^^^^^^^^^^^^^^^^^\n  File \"/home/runner/work/mysql-bundle/mysql-bundle/.tox/integration/lib/python3.12/site-packages/pluggy/_callers.py\", line 182, in _multicall\n    return outcome.get_result()\n           ^^^^^^^^^^^^^^^^^^^^\n  File \"/home/runner/work/mysql-bundle/mysql-bundle/.tox/integration/lib/python3.12/site-packages/pluggy/_result.py\", line 100, in get_result\n    raise exc.with_traceback(exc.__traceback__)\n  File \"/home/runner/work/mysql-bundle/mysql-bundle/.tox/integration/lib/python3.12/site-packages/pluggy/_callers.py\", line 103, in _multicall\n    res = hook_impl.function(*args)\n          ^^^^^^^^^^^^^^^^^^^^^^^^^\n  File \"/home/runner/work/mysql-bundle/mysql-bundle/.tox/integration/lib/python3.12/site-packages/_pytest/python.py\", line 159, in pytest_pyfunc_call\n    result = testfunction(**testargs)\n             ^^^^^^^^^^^^^^^^^^^^^^^^\n  File \"/home/runner/work/mysql-bundle/mysql-bundle/.tox/integration/lib/python3.12/site-packages/pytest_asyncio/plugin.py\", line 529, in inner\n    _loop.run_until_complete(task)\n  File \"/usr/lib/python3.12/asyncio/base_events.py\", line 687, in run_until_complete\n    return future.result()\n           ^^^^^^^^^^^^^^^\n  File \"/home/runner/work/mysql-bundle/mysql-bundle/tests/integration/test_smoke.py\", line 110, in test_smoke\n    assert \"mysql-database\" in databases\nAssertionError: assert 'mysql-database' in ['information_schema', 'mysql', 'performance_schema', 'sys']","steps":[],"attachments":[{"uid":"4143ab63583627d","name":"log","source":"4143ab63583627d.txt","type":"text/plain","size":41165}],"parameters":[],"shouldDisplayMessage":true,"stepsCount":0,"attachmentsCount":1,"hasContent":true,"attachmentStep":false},"afterStages":[{"name":"ops_test::finalizer","time":{"start":1749951560037,"stop":1749951561233,"duration":1196},"status":"passed","steps":[],"attachments":[],"parameters":[],"shouldDisplayMessage":false,"stepsCount":0,"attachmentsCount":0,"hasContent":false,"attachmentStep":false},{"name":"abort_on_fail::0","time":{"start":1749951560037,"stop":1749951560037,"duration":0},"status":"passed","steps":[],"attachments":[],"parameters":[],"shouldDisplayMessage":false,"stepsCount":0,"attachmentsCount":0,"hasContent":false,"attachmentStep":false},{"name":"event_loop::2","time":{"start":1749951561233,"stop":1749951561233,"duration":0},"status":"passed","steps":[],"attachments":[],"parameters":[],"shouldDisplayMessage":false,"stepsCount":0,"attachmentsCount":0,"hasContent":false,"attachmentStep":false},{"name":"event_loop::_close_event_loop","time":{"start":1749951561233,"stop":1749951561233,"duration":0},"status":"passed","steps":[],"attachments":[],"parameters":[],"shouldDisplayMessage":false,"stepsCount":0,"attachmentsCount":0,"hasContent":false,"attachmentStep":false},{"name":"event_loop::_provide_clean_event_loop","time":{"start":1749951561234,"stop":1749951561234,"duration":0},"status":"passed","steps":[],"attachments":[],"parameters":[],"shouldDisplayMessage":false,"stepsCount":0,"attachmentsCount":0,"hasContent":false,"attachmentStep":false}],"labels":[{"name":"tag","value":"group(1)"},{"name":"tag","value":"abort_on_fail"},{"name":"tag","value":"asyncio"},{"name":"parentSuite","value":"tests.integration"},{"name":"suite","value":"test_smoke"},{"name":"host","value":"pkrvmxyh4eaekms"},{"name":"thread","value":"21328-MainThread"},{"name":"framework","value":"pytest"},{"name":"language","value":"cpython3"},{"name":"package","value":"tests.integration.test_smoke"},{"name":"resultFormat","value":"allure2"}],"parameters":[],"links":[],"hidden":false,"retry":false,"extra":{"severity":"normal","retries":[{"uid":"3cc2f27f4c8a2fa","status":"unknown","time":{}}],"categories":[{"name":"Product defects","matchedStatuses":[]}],"history":{"statistic":{"failed":59,"broken":13,"skipped":0,"passed":229,"unknown":12,"total":313},"items":[{"uid":"6f41649c1eeca756","reportUrl":"../1804//#testresult/6f41649c1eeca756","status":"passed","time":{"start":1749864236236,"stop":1749865407159,"duration":1170923}},{"uid":"2d059b7816ccf5f5","reportUrl":"../1803//#testresult/2d059b7816ccf5f5","status":"passed","time":{"start":1749777813537,"stop":1749778692267,"duration":878730}},{"uid":"781491e5dbf1efe8","reportUrl":"../1802//#testresult/781491e5dbf1efe8","status":"passed","time":{"start":1749691501123,"stop":1749692381075,"duration":879952}},{"uid":"d14e5b6640681ece","reportUrl":"../1801//#testresult/d14e5b6640681ece","status":"passed","time":{"start":1749605020858,"stop":1749605978989,"duration":958131}},{"uid":"3a97639488fa1323","reportUrl":"../1797//#testresult/3a97639488fa1323","status":"failed","statusDetails":"AssertionError: assert 'mysql-database' in ['information_schema', 'mysql', 'performance_schema', 'sys']","time":{"start":1749518674724,"stop":1749519561589,"duration":886865}},{"uid":"7223cf4b2e9b04e0","reportUrl":"../1795//#testresult/7223cf4b2e9b04e0","status":"passed","time":{"start":1749432267097,"stop":1749433371328,"duration":1104231}},{"uid":"a73f69feaee215f8","reportUrl":"../1793//#testresult/a73f69feaee215f8","status":"failed","statusDetails":"AssertionError: assert 'mysql-database' in ['information_schema', 'mysql', 'performance_schema', 'sys']","time":{"start":1749345882859,"stop":1749346741627,"duration":858768}},{"uid":"63ae4ce544db654f","reportUrl":"../1791//#testresult/63ae4ce544db654f","status":"passed","time":{"start":1749259477425,"stop":1749260535019,"duration":1057594}},{"uid":"4e8d9e4d651fc27c","reportUrl":"../1789//#testresult/4e8d9e4d651fc27c","status":"passed","time":{"start":1749173028949,"stop":1749174119315,"duration":1090366}},{"uid":"6ba3956e35dcfda6","reportUrl":"../1787//#testresult/6ba3956e35dcfda6","status":"broken","statusDetails":"juju.errors.JujuError: resolving ch:sysbench : resolving with preferred channel: Post \"https://api.charmhub.io/v2/charms/refresh\": http: ContentLength=354 with Body length 0","time":{"start":1749086602319,"stop":1749086627967,"duration":25648}},{"uid":"3d427a5128441ab2","reportUrl":"../1785//#testresult/3d427a5128441ab2","status":"passed","time":{"start":1749000228637,"stop":1749001113026,"duration":884389}},{"uid":"ed0364192e9677d6","reportUrl":"../1782//#testresult/ed0364192e9677d6","status":"failed","statusDetails":"AssertionError: assert 'mysql-database' in ['information_schema', 'mysql', 'performance_schema', 'sys']","time":{"start":1748913827104,"stop":1748914768800,"duration":941696}},{"uid":"c2e8bfb1f44dc827","reportUrl":"../1780//#testresult/c2e8bfb1f44dc827","status":"passed","time":{"start":1748827508936,"stop":1748828603939,"duration":1095003}},{"uid":"a325bdc283e33a0c","reportUrl":"../1778//#testresult/a325bdc283e33a0c","status":"failed","statusDetails":"AssertionError: assert 'mysql-database' in ['information_schema', 'mysql', 'performance_schema', 'sys']","time":{"start":1748741051623,"stop":1748741934105,"duration":882482}},{"uid":"a175941146f11054","reportUrl":"../1776//#testresult/a175941146f11054","status":"passed","time":{"start":1748654642623,"stop":1748655745196,"duration":1102573}},{"uid":"a72e04eb08993c2","reportUrl":"../1774//#testresult/a72e04eb08993c2","status":"passed","time":{"start":1748568235457,"stop":1748569268811,"duration":1033354}},{"uid":"b5ad241eedfd5357","reportUrl":"../1772//#testresult/b5ad241eedfd5357","status":"passed","time":{"start":1748482132604,"stop":1748483253916,"duration":1121312}},{"uid":"60553a30658d4581","reportUrl":"../1770//#testresult/60553a30658d4581","status":"passed","time":{"start":1748395424636,"stop":1748396553164,"duration":1128528}},{"uid":"2d88d1f7ec168305","reportUrl":"../1767//#testresult/2d88d1f7ec168305","status":"broken","statusDetails":"TimeoutError","time":{"start":1748309027084,"stop":1748310242320,"duration":1215236}},{"uid":"62763373c161db4b","reportUrl":"../1765//#testresult/62763373c161db4b","status":"passed","time":{"start":1748222641579,"stop":1748223702671,"duration":1061092}}]},"tags":["asyncio","abort_on_fail","group(1)"]},"source":"533c71d0d38b8fed.json","parameterValues":[]}