[32mINFO    [0m integration.test_terraform:test_terraform.py:84 Deploying terraform module
[32mINFO    [0m integration.test_terraform:test_terraform.py:33 Waiting for active: mysql
[32mINFO    [0m integration.test_terraform:test_terraform.py:40 Waiting for blocked: s3-integrator
[32mINFO    [0m integration.test_terraform:test_terraform.py:47 Waiting for unknown: mysql-router
[32mINFO    [0m integration.test_terraform:test_terraform.py:103 Configuring s3-integrator credentials
[32mINFO    [0m integration.test_terraform:test_terraform.py:33 Waiting for active: mysql, s3-integrator
[32mINFO    [0m integration.test_terraform:test_terraform.py:47 Waiting for unknown: mysql-router
[32mINFO    [0m pytest_operator.plugin:plugin.py:903 Model status:

Model  Controller           Cloud/Region         Version  SLA          Timestamp
test   localhost-localhost  localhost/localhost  3.5.7    unsupported  01:31:54Z

App            Version          Status   Scale  Charm          Channel        Rev  Exposed  Message
mysql          8.0.41-0ubun...  active       3  mysql          8.0/stable     366  no       
mysql-router                    unknown      0  mysql-router   dpe/candidate  355  no       
s3-integrator                   active       1  s3-integrator  1/edge         255  no       

Unit              Workload     Agent      Machine  Public address  Ports           Message
mysql/0           maintenance  executing  1        10.82.226.130                   (start) Setting up cluster node
mysql/1*          active       executing  2        10.82.226.225   3306,33060/tcp  Primary
mysql/2           maintenance  executing  3        10.82.226.123                   (start) Setting up cluster node
s3-integrator/0*  active       idle       0        10.82.226.150                   

Machine  State    Address        Inst id        Base          AZ  Message
0        started  10.82.226.150  juju-a40ea1-0  ubuntu@22.04      Running
1        started  10.82.226.130  juju-a40ea1-1  ubuntu@22.04      Running
2        started  10.82.226.225  juju-a40ea1-2  ubuntu@22.04      Running
3        started  10.82.226.123  juju-a40ea1-3  ubuntu@22.04      Running

[32mINFO    [0m pytest_operator.plugin:plugin.py:909 Juju error logs:

machine-0: 01:30:09 ERROR juju.worker.dependency "lxd-container-provisioner" manifold worker returned unexpected error: container types not yet available
machine-0: 01:30:09 ERROR juju.worker.dependency "kvm-container-provisioner" manifold worker returned unexpected error: container types not yet available
unit-s3-integrator-0: 01:30:09 ERROR juju.worker.meterstatus error running "meter-status-changed": charm missing from disk
machine-2: 01:30:34 ERROR juju.worker.dependency "lxd-container-provisioner" manifold worker returned unexpected error: container types not yet available
machine-2: 01:30:34 ERROR juju.worker.dependency "kvm-container-provisioner" manifold worker returned unexpected error: container types not yet available
unit-mysql-1: 01:30:34 ERROR juju.worker.meterstatus error running "meter-status-changed": charm missing from disk
machine-3: 01:30:52 ERROR juju.worker.dependency "lxd-container-provisioner" manifold worker returned unexpected error: container types not yet available
machine-3: 01:30:52 ERROR juju.worker.dependency "kvm-container-provisioner" manifold worker returned unexpected error: container types not yet available
unit-mysql-2: 01:30:52 ERROR juju.worker.meterstatus error running "meter-status-changed": charm missing from disk
machine-1: 01:31:06 ERROR juju.worker.dependency "lxd-container-provisioner" manifold worker returned unexpected error: container types not yet available
machine-1: 01:31:06 ERROR juju.worker.dependency "kvm-container-provisioner" manifold worker returned unexpected error: container types not yet available
unit-mysql-0: 01:31:06 ERROR juju.worker.meterstatus error running "meter-status-changed": charm missing from disk
unit-mysql-1: 01:31:31 ERROR unit.mysql/1.juju-log ERROR 2002 (HY000): Can't connect to local MySQL server through socket '/var/snap/charmed-mysql/common/var/run/mysqld/mysqld.sock' (2)
unit-mysql-1: 01:31:31 ERROR unit.mysql/1.juju-log Failed to execute MySQL cli command
Traceback (most recent call last):
  File "/var/lib/juju/agents/unit-mysql-1/charm/lib/charms/mysql/v0/mysql.py", line 3297, in check_mysqlcli_connection
    self._run_mysqlcli_script(
  File "/var/lib/juju/agents/unit-mysql-1/charm/lib/charms/tempo_coordinator_k8s/v0/charm_tracing.py", line 1065, in wrapped_function
    return callable(*args, **kwargs)  # type: ignore
  File "/var/lib/juju/agents/unit-mysql-1/charm/src/mysql_vm_helpers.py", line 837, in _run_mysqlcli_script
    raise MySQLClientError
charms.mysql.v0.mysql.MySQLClientError

During handling of the above exception, another exception occurred:

Traceback (most recent call last):
  File "/var/lib/juju/agents/unit-mysql-1/charm/src/mysql_vm_helpers.py", line 842, in _run_mysqlcli_script
    stdout = subprocess.check_output(command, timeout=timeout, text=True)
  File "/usr/lib/python3.10/subprocess.py", line 421, in check_output
    return run(*popenargs, stdout=PIPE, timeout=timeout, check=True,
  File "/usr/lib/python3.10/subprocess.py", line 526, in run
    raise CalledProcessError(retcode, process.args,
subprocess.CalledProcessError: Command '['charmed-mysql.mysql', '-u', 'root', '-N', '-B', '--socket=/var/snap/charmed-mysql/common/var/run/mysqld/mysqld.sock', '-e', 'SELECT 1']' returned non-zero exit status 1.
unit-mysql-1: 01:31:31 ERROR unit.mysql/1.juju-log Failed to connect to MySQL with mysqlcli with default root user

[32mINFO    [0m pytest_operator.plugin:plugin.py:991 Forgetting model main...